<?xml version="1.0" encoding="UTF-8"?>
<testng-results skipped="0" failed="5" total="505" passed="500">
  <reporter-output>
  </reporter-output>
  <suite name="PLD Suite" duration-ms="5254537" started-at="2019-06-12T10:01:59Z" finished-at="2019-06-12T11:29:34Z">
    <groups>
    </groups>
    <test name="Practice Leader DashBoard" duration-ms="5254537" started-at="2019-06-12T10:01:59Z" finished-at="2019-06-12T11:29:34Z">
      <class name="com.pld.Test.HiringTileTest">
        <test-method status="PASS" signature="setUp()[pri:0, instance:com.pld.Test.HiringTileTest@8e24743]" name="setUp" is-config="true" duration-ms="17" started-at="2019-06-12T15:34:47Z" finished-at="2019-06-12T15:34:47Z">
          <reporter-output>
          </reporter-output>
        </test-method> <!-- setUp -->
        <test-method status="PASS" signature="verifyANOBsTest()[pri:0, instance:com.pld.Test.HiringTileTest@8e24743]" name="verifyANOBsTest" duration-ms="3219" started-at="2019-06-12T15:34:47Z" finished-at="2019-06-12T15:34:50Z">
          <reporter-output>
          </reporter-output>
        </test-method> <!-- verifyANOBsTest -->
        <test-method status="PASS" signature="verifyActualTest()[pri:0, instance:com.pld.Test.HiringTileTest@8e24743]" name="verifyActualTest" duration-ms="150" started-at="2019-06-12T15:34:50Z" finished-at="2019-06-12T15:34:51Z">
          <reporter-output>
          </reporter-output>
        </test-method> <!-- verifyActualTest -->
        <test-method status="PASS" signature="verifyAvg_BandTest()[pri:0, instance:com.pld.Test.HiringTileTest@8e24743]" name="verifyAvg_BandTest" duration-ms="69" started-at="2019-06-12T15:34:51Z" finished-at="2019-06-12T15:34:51Z">
          <reporter-output>
          </reporter-output>
        </test-method> <!-- verifyAvg_BandTest -->
        <test-method status="PASS" signature="verifyEPHPercentTest()[pri:0, instance:com.pld.Test.HiringTileTest@8e24743]" name="verifyEPHPercentTest" duration-ms="98" started-at="2019-06-12T15:34:51Z" finished-at="2019-06-12T15:34:51Z">
          <reporter-output>
          </reporter-output>
        </test-method> <!-- verifyEPHPercentTest -->
        <test-method status="PASS" signature="verifyGoalTest()[pri:0, instance:com.pld.Test.HiringTileTest@8e24743]" name="verifyGoalTest" duration-ms="87" started-at="2019-06-12T15:34:51Z" finished-at="2019-06-12T15:34:51Z">
          <reporter-output>
          </reporter-output>
        </test-method> <!-- verifyGoalTest -->
        <test-method status="PASS" signature="verifyHiringTest()[pri:0, instance:com.pld.Test.HiringTileTest@8e24743]" name="verifyHiringTest" duration-ms="133" started-at="2019-06-12T15:34:51Z" finished-at="2019-06-12T15:34:51Z">
          <reporter-output>
          </reporter-output>
        </test-method> <!-- verifyHiringTest -->
        <test-method status="PASS" signature="verifyOpenRequistionsTest()[pri:0, instance:com.pld.Test.HiringTileTest@8e24743]" name="verifyOpenRequistionsTest" duration-ms="95" started-at="2019-06-12T15:34:51Z" finished-at="2019-06-12T15:34:51Z">
          <reporter-output>
          </reporter-output>
        </test-method> <!-- verifyOpenRequistionsTest -->
        <test-method status="PASS" signature="verifyYTDAsOfTest()[pri:0, instance:com.pld.Test.HiringTileTest@8e24743]" name="verifyYTDAsOfTest" duration-ms="99" started-at="2019-06-12T15:34:51Z" finished-at="2019-06-12T15:34:51Z">
          <reporter-output>
          </reporter-output>
        </test-method> <!-- verifyYTDAsOfTest -->
        <test-method status="PASS" signature="verifyYTDHiresTest()[pri:0, instance:com.pld.Test.HiringTileTest@8e24743]" name="verifyYTDHiresTest" duration-ms="158" started-at="2019-06-12T15:34:51Z" finished-at="2019-06-12T15:34:51Z">
          <reporter-output>
          </reporter-output>
        </test-method> <!-- verifyYTDHiresTest -->
      </class> <!-- com.pld.Test.HiringTileTest -->
      <class name="com.pld.restassured.LearningTrainingDetailsYTDTableAPITest">
        <test-method status="PASS" signature="verifyPrescribedCoreCapabilitylearning()[pri:0, instance:com.pld.restassured.LearningTrainingDetailsYTDTableAPITest@28ac3dc3]" name="verifyPrescribedCoreCapabilitylearning" duration-ms="311293" started-at="2019-06-12T16:48:20Z" finished-at="2019-06-12T16:53:31Z">
          <reporter-output>
          </reporter-output>
        </test-method> <!-- verifyPrescribedCoreCapabilitylearning -->
        <test-method status="PASS" signature="verifyStudentYTD()[pri:0, instance:com.pld.restassured.LearningTrainingDetailsYTDTableAPITest@28ac3dc3]" name="verifyStudentYTD" duration-ms="96666" started-at="2019-06-12T16:53:31Z" finished-at="2019-06-12T16:55:08Z">
          <reporter-output>
          </reporter-output>
        </test-method> <!-- verifyStudentYTD -->
        <test-method status="PASS" signature="verifyTrainingDetailsYTDTable()[pri:0, instance:com.pld.restassured.LearningTrainingDetailsYTDTableAPITest@28ac3dc3]" name="verifyTrainingDetailsYTDTable" duration-ms="265647" started-at="2019-06-12T16:55:08Z" finished-at="2019-06-12T16:59:34Z">
          <reporter-output>
          </reporter-output>
        </test-method> <!-- verifyTrainingDetailsYTDTable -->
      </class> <!-- com.pld.restassured.LearningTrainingDetailsYTDTableAPITest -->
      <class name="com.pld.Test.UtilizationLadderTest">
        <test-method status="PASS" signature="setUp()[pri:0, instance:com.pld.Test.UtilizationLadderTest@569cfc36]" name="setUp" is-config="true" duration-ms="12" started-at="2019-06-12T15:33:30Z" finished-at="2019-06-12T15:33:30Z">
          <reporter-output>
          </reporter-output>
        </test-method> <!-- setUp -->
        <test-method status="PASS" signature="verifyAbove100Percent()[pri:0, instance:com.pld.Test.UtilizationLadderTest@569cfc36]" name="verifyAbove100Percent" duration-ms="796" started-at="2019-06-12T15:33:30Z" finished-at="2019-06-12T15:33:31Z">
          <reporter-output>
          </reporter-output>
        </test-method> <!-- verifyAbove100Percent -->
        <test-method status="PASS" signature="verifyChargeableHCTest()[pri:0, instance:com.pld.Test.UtilizationLadderTest@569cfc36]" name="verifyChargeableHCTest" duration-ms="96" started-at="2019-06-12T15:33:31Z" finished-at="2019-06-12T15:33:31Z">
          <reporter-output>
          </reporter-output>
        </test-method> <!-- verifyChargeableHCTest -->
        <test-method status="PASS" signature="verifyQTDAsOfTest()[pri:0, instance:com.pld.Test.UtilizationLadderTest@569cfc36]" name="verifyQTDAsOfTest" duration-ms="108" started-at="2019-06-12T15:33:31Z" finished-at="2019-06-12T15:33:31Z">
          <reporter-output>
          </reporter-output>
        </test-method> <!-- verifyQTDAsOfTest -->
        <test-method status="PASS" signature="verifyUtilLadChartTest()[pri:0, instance:com.pld.Test.UtilizationLadderTest@569cfc36]" name="verifyUtilLadChartTest" duration-ms="158" started-at="2019-06-12T15:33:31Z" finished-at="2019-06-12T15:33:31Z">
          <reporter-output>
          </reporter-output>
        </test-method> <!-- verifyUtilLadChartTest -->
        <test-method status="PASS" signature="verifyUtilLadTest()[pri:0, instance:com.pld.Test.UtilizationLadderTest@569cfc36]" name="verifyUtilLadTest" duration-ms="309" started-at="2019-06-12T15:33:31Z" finished-at="2019-06-12T15:33:31Z">
          <reporter-output>
          </reporter-output>
        </test-method> <!-- verifyUtilLadTest -->
      </class> <!-- com.pld.Test.UtilizationLadderTest -->
      <class name="com.pld.Test.DemandTileExpTest">
        <test-method status="PASS" signature="setUp()[pri:0, instance:com.pld.Test.DemandTileExpTest@6950e31]" name="setUp" is-config="true" duration-ms="17" started-at="2019-06-12T15:34:14Z" finished-at="2019-06-12T15:34:14Z">
          <reporter-output>
          </reporter-output>
        </test-method> <!-- setUp -->
        <test-method status="PASS" signature="clickOnDemandTileTest()[pri:0, instance:com.pld.Test.DemandTileExpTest@6950e31]" name="clickOnDemandTileTest" duration-ms="600" started-at="2019-06-12T15:34:14Z" finished-at="2019-06-12T15:34:15Z">
          <reporter-output>
          </reporter-output>
        </test-method> <!-- clickOnDemandTileTest -->
        <test-method status="PASS" signature="verifySkillTest()[pri:0, instance:com.pld.Test.DemandTileExpTest@6950e31]" name="verifySkillTest" duration-ms="799" started-at="2019-06-12T15:34:15Z" finished-at="2019-06-12T15:34:15Z">
          <reporter-output>
          </reporter-output>
        </test-method> <!-- verifySkillTest -->
        <test-method status="PASS" signature="verifySeatOwnerTest()[pri:0, instance:com.pld.Test.DemandTileExpTest@6950e31]" name="verifySeatOwnerTest" duration-ms="7424" started-at="2019-06-12T15:34:15Z" finished-at="2019-06-12T15:34:23Z">
          <reporter-output>
          </reporter-output>
        </test-method> <!-- verifySeatOwnerTest -->
        <test-method status="PASS" signature="verifyOtherTest()[pri:0, instance:com.pld.Test.DemandTileExpTest@6950e31]" name="verifyOtherTest" duration-ms="74" started-at="2019-06-12T15:34:23Z" finished-at="2019-06-12T15:34:23Z">
          <reporter-output>
          </reporter-output>
        </test-method> <!-- verifyOtherTest -->
        <test-method status="PASS" signature="verifyOpportunityTest()[pri:0, instance:com.pld.Test.DemandTileExpTest@6950e31]" name="verifyOpportunityTest" duration-ms="94" started-at="2019-06-12T15:34:23Z" finished-at="2019-06-12T15:34:23Z">
          <reporter-output>
          </reporter-output>
        </test-method> <!-- verifyOpportunityTest -->
        <test-method status="PASS" signature="verifyOppIDTest()[pri:0, instance:com.pld.Test.DemandTileExpTest@6950e31]" name="verifyOppIDTest" duration-ms="113" started-at="2019-06-12T15:34:23Z" finished-at="2019-06-12T15:34:23Z">
          <reporter-output>
          </reporter-output>
        </test-method> <!-- verifyOppIDTest -->
        <test-method status="PASS" signature="verifyOpenPositionsTest()[pri:0, instance:com.pld.Test.DemandTileExpTest@6950e31]" name="verifyOpenPositionsTest" duration-ms="62" started-at="2019-06-12T15:34:23Z" finished-at="2019-06-12T15:34:23Z">
          <reporter-output>
          </reporter-output>
        </test-method> <!-- verifyOpenPositionsTest -->
        <test-method status="PASS" signature="verifyOpenPosiitonDetailTest()[pri:0, instance:com.pld.Test.DemandTileExpTest@6950e31]" name="verifyOpenPosiitonDetailTest" duration-ms="94" started-at="2019-06-12T15:34:23Z" finished-at="2019-06-12T15:34:23Z">
          <reporter-output>
          </reporter-output>
        </test-method> <!-- verifyOpenPosiitonDetailTest -->
        <test-method status="PASS" signature="verifyLocationTest()[pri:0, instance:com.pld.Test.DemandTileExpTest@6950e31]" name="verifyLocationTest" duration-ms="125" started-at="2019-06-12T15:34:23Z" finished-at="2019-06-12T15:34:23Z">
          <reporter-output>
          </reporter-output>
        </test-method> <!-- verifyLocationTest -->
        <test-method status="PASS" signature="verifyJobRoleOrSpecialityTest()[pri:0, instance:com.pld.Test.DemandTileExpTest@6950e31]" name="verifyJobRoleOrSpecialityTest" duration-ms="78" started-at="2019-06-12T15:34:23Z" finished-at="2019-06-12T15:34:23Z">
          <reporter-output>
          </reporter-output>
        </test-method> <!-- verifyJobRoleOrSpecialityTest -->
        <test-method status="PASS" signature="verifyHistoricalDemandTrendTest()[pri:0, instance:com.pld.Test.DemandTileExpTest@6950e31]" name="verifyHistoricalDemandTrendTest" duration-ms="62" started-at="2019-06-12T15:34:23Z" finished-at="2019-06-12T15:34:23Z">
          <reporter-output>
          </reporter-output>
        </test-method> <!-- verifyHistoricalDemandTrendTest -->
        <test-method status="PASS" signature="verifyFactoredOpenPositionTest()[pri:0, instance:com.pld.Test.DemandTileExpTest@6950e31]" name="verifyFactoredOpenPositionTest" duration-ms="79" started-at="2019-06-12T15:34:23Z" finished-at="2019-06-12T15:34:24Z">
          <reporter-output>
          </reporter-output>
        </test-method> <!-- verifyFactoredOpenPositionTest -->
        <test-method status="PASS" signature="verifyEndDateTest()[pri:0, instance:com.pld.Test.DemandTileExpTest@6950e31]" name="verifyEndDateTest" duration-ms="62" started-at="2019-06-12T15:34:24Z" finished-at="2019-06-12T15:34:24Z">
          <reporter-output>
          </reporter-output>
        </test-method> <!-- verifyEndDateTest -->
        <test-method status="PASS" signature="verifyDataAvailabilefromOnlyJuneTest()[pri:0, instance:com.pld.Test.DemandTileExpTest@6950e31]" name="verifyDataAvailabilefromOnlyJuneTest" duration-ms="86" started-at="2019-06-12T15:34:24Z" finished-at="2019-06-12T15:34:24Z">
          <reporter-output>
          </reporter-output>
        </test-method> <!-- verifyDataAvailabilefromOnlyJuneTest -->
        <test-method status="PASS" signature="verifyCommittedTest()[pri:0, instance:com.pld.Test.DemandTileExpTest@6950e31]" name="verifyCommittedTest" duration-ms="109" started-at="2019-06-12T15:34:24Z" finished-at="2019-06-12T15:34:24Z">
          <reporter-output>
          </reporter-output>
        </test-method> <!-- verifyCommittedTest -->
        <test-method status="PASS" signature="verifyClientNameTest()[pri:0, instance:com.pld.Test.DemandTileExpTest@6950e31]" name="verifyClientNameTest" duration-ms="63" started-at="2019-06-12T15:34:24Z" finished-at="2019-06-12T15:34:24Z">
          <reporter-output>
          </reporter-output>
        </test-method> <!-- verifyClientNameTest -->
        <test-method status="PASS" signature="verifyClientAndSkillbasedDemandTest()[pri:0, instance:com.pld.Test.DemandTileExpTest@6950e31]" name="verifyClientAndSkillbasedDemandTest" duration-ms="65" started-at="2019-06-12T15:34:24Z" finished-at="2019-06-12T15:34:24Z">
          <reporter-output>
          </reporter-output>
        </test-method> <!-- verifyClientAndSkillbasedDemandTest -->
        <test-method status="PASS" signature="verifyClientTest()[pri:0, instance:com.pld.Test.DemandTileExpTest@6950e31]" name="verifyClientTest" duration-ms="78" started-at="2019-06-12T15:34:24Z" finished-at="2019-06-12T15:34:24Z">
          <reporter-output>
          </reporter-output>
        </test-method> <!-- verifyClientTest -->
        <test-method status="PASS" signature="verifyBandTest()[pri:0, instance:com.pld.Test.DemandTileExpTest@6950e31]" name="verifyBandTest" duration-ms="63" started-at="2019-06-12T15:34:24Z" finished-at="2019-06-12T15:34:24Z">
          <reporter-output>
          </reporter-output>
        </test-method> <!-- verifyBandTest -->
        <test-method status="PASS" signature="verifyBacklogtTest()[pri:0, instance:com.pld.Test.DemandTileExpTest@6950e31]" name="verifyBacklogtTest" duration-ms="73" started-at="2019-06-12T15:34:24Z" finished-at="2019-06-12T15:34:24Z">
          <reporter-output>
          </reporter-output>
        </test-method> <!-- verifyBacklogtTest -->
        <test-method status="PASS" signature="verifyApplicationDeveloperjavaAndWebTechnologiesTest()[pri:0, instance:com.pld.Test.DemandTileExpTest@6950e31]" name="verifyApplicationDeveloperjavaAndWebTechnologiesTest" duration-ms="62" started-at="2019-06-12T15:34:24Z" finished-at="2019-06-12T15:34:24Z">
          <reporter-output>
          </reporter-output>
        </test-method> <!-- verifyApplicationDeveloperjavaAndWebTechnologiesTest -->
        <test-method status="PASS" signature="verifyStartDateTest()[pri:0, instance:com.pld.Test.DemandTileExpTest@6950e31]" name="verifyStartDateTest" duration-ms="78" started-at="2019-06-12T15:34:24Z" finished-at="2019-06-12T15:34:24Z">
          <reporter-output>
          </reporter-output>
        </test-method> <!-- verifyStartDateTest -->
        <test-method status="PASS" signature="verifyTimeFrameTest()[pri:0, instance:com.pld.Test.DemandTileExpTest@6950e31]" name="verifyTimeFrameTest" duration-ms="66" started-at="2019-06-12T15:34:24Z" finished-at="2019-06-12T15:34:24Z">
          <reporter-output>
          </reporter-output>
        </test-method> <!-- verifyTimeFrameTest -->
        <test-method status="PASS" signature="verifyTypeTest()[pri:0, instance:com.pld.Test.DemandTileExpTest@6950e31]" name="verifyTypeTest" duration-ms="62" started-at="2019-06-12T15:34:24Z" finished-at="2019-06-12T15:34:24Z">
          <reporter-output>
          </reporter-output>
        </test-method> <!-- verifyTypeTest -->
        <test-method status="PASS" signature="verifyViewtextTest()[pri:0, instance:com.pld.Test.DemandTileExpTest@6950e31]" name="verifyViewtextTest" duration-ms="78" started-at="2019-06-12T15:34:24Z" finished-at="2019-06-12T15:34:24Z">
          <reporter-output>
          </reporter-output>
        </test-method> <!-- verifyViewtextTest -->
        <test-method status="PASS" signature="verifyWinOddsTest()[pri:0, instance:com.pld.Test.DemandTileExpTest@6950e31]" name="verifyWinOddsTest" duration-ms="79" started-at="2019-06-12T15:34:24Z" finished-at="2019-06-12T15:34:25Z">
          <reporter-output>
          </reporter-output>
        </test-method> <!-- verifyWinOddsTest -->
        <test-method status="PASS" signature="verifyExpansionTitleTest()[pri:0, instance:com.pld.Test.DemandTileExpTest@6950e31]" name="verifyExpansionTitleTest" duration-ms="31" started-at="2019-06-12T15:34:25Z" finished-at="2019-06-12T15:34:25Z">
          <reporter-output>
          </reporter-output>
        </test-method> <!-- verifyExpansionTitleTest -->
        <test-method status="PASS" signature="verifySkillBasedDemandChartTest()[pri:0, instance:com.pld.Test.DemandTileExpTest@6950e31]" name="verifySkillBasedDemandChartTest" duration-ms="65" started-at="2019-06-12T15:34:25Z" finished-at="2019-06-12T15:34:25Z">
          <reporter-output>
          </reporter-output>
        </test-method> <!-- verifySkillBasedDemandChartTest -->
        <test-method status="PASS" signature="verifyOpenPositionChartTest()[pri:0, instance:com.pld.Test.DemandTileExpTest@6950e31]" name="verifyOpenPositionChartTest" duration-ms="62" started-at="2019-06-12T15:34:25Z" finished-at="2019-06-12T15:34:25Z">
          <reporter-output>
          </reporter-output>
        </test-method> <!-- verifyOpenPositionChartTest -->
        <test-method status="PASS" signature="verifyClientbasedDemandChartTest()[pri:0, instance:com.pld.Test.DemandTileExpTest@6950e31]" name="verifyClientbasedDemandChartTest" duration-ms="78" started-at="2019-06-12T15:34:25Z" finished-at="2019-06-12T15:34:25Z">
          <reporter-output>
          </reporter-output>
        </test-method> <!-- verifyClientbasedDemandChartTest -->
        <test-method status="PASS" signature="verifyAlltextTest()[pri:0, instance:com.pld.Test.DemandTileExpTest@6950e31]" name="verifyAlltextTest" duration-ms="79" started-at="2019-06-12T15:34:25Z" depends-on-methods="com.pld.Test.DemandTileExpTest.clickOnDemandTileTest" finished-at="2019-06-12T15:34:25Z">
          <reporter-output>
          </reporter-output>
        </test-method> <!-- verifyAlltextTest -->
        <test-method status="PASS" signature="clickOnDashBoardTest()[pri:0, instance:com.pld.Test.DemandTileExpTest@6950e31]" name="clickOnDashBoardTest" duration-ms="504" started-at="2019-06-12T15:34:25Z" depends-on-methods="com.pld.Test.DemandTileExpTest.verifyAlltextTest" finished-at="2019-06-12T15:34:25Z">
          <reporter-output>
          </reporter-output>
        </test-method> <!-- clickOnDashBoardTest -->
      </class> <!-- com.pld.Test.DemandTileExpTest -->
      <class name="com.pld.Test.LearningExpTest">
        <test-method status="PASS" signature="setUp()[pri:0, instance:com.pld.Test.LearningExpTest@b7dd107]" name="setUp" is-config="true" duration-ms="21" started-at="2019-06-12T15:35:41Z" finished-at="2019-06-12T15:35:41Z">
          <reporter-output>
          </reporter-output>
        </test-method> <!-- setUp -->
        <test-method status="PASS" signature="clickOnLearningTileTest()[pri:0, instance:com.pld.Test.LearningExpTest@b7dd107]" name="clickOnLearningTileTest" duration-ms="457" started-at="2019-06-12T15:35:41Z" finished-at="2019-06-12T15:35:42Z">
          <reporter-output>
          </reporter-output>
        </test-method> <!-- clickOnLearningTileTest -->
        <test-method status="PASS" signature="verifyAvgDaysperPartTest()[pri:0, instance:com.pld.Test.LearningExpTest@b7dd107]" name="verifyAvgDaysperPartTest" duration-ms="5976" started-at="2019-06-12T15:35:42Z" finished-at="2019-06-12T15:35:48Z">
          <reporter-output>
          </reporter-output>
        </test-method> <!-- verifyAvgDaysperPartTest -->
        <test-method status="PASS" signature="verifyFivePlusOnePlusOneThemesTest()[pri:0, instance:com.pld.Test.LearningExpTest@b7dd107]" name="verifyFivePlusOnePlusOneThemesTest" duration-ms="71" started-at="2019-06-12T15:35:48Z" finished-at="2019-06-12T15:35:48Z">
          <reporter-output>
          </reporter-output>
        </test-method> <!-- verifyFivePlusOnePlusOneThemesTest -->
        <test-method status="PASS" signature="verifyGrowthThemesAndOfferingsTest()[pri:0, instance:com.pld.Test.LearningExpTest@b7dd107]" name="verifyGrowthThemesAndOfferingsTest" duration-ms="63" started-at="2019-06-12T15:35:48Z" finished-at="2019-06-12T15:35:48Z">
          <reporter-output>
          </reporter-output>
        </test-method> <!-- verifyGrowthThemesAndOfferingsTest -->
        <test-method status="PASS" signature="verifyIndustryTest()[pri:0, instance:com.pld.Test.LearningExpTest@b7dd107]" name="verifyIndustryTest" duration-ms="62" started-at="2019-06-12T15:35:48Z" finished-at="2019-06-12T15:35:48Z">
          <reporter-output>
          </reporter-output>
        </test-method> <!-- verifyIndustryTest -->
        <test-method status="PASS" signature="verifyIndustry_AvgDaysPerPartTest()[pri:0, instance:com.pld.Test.LearningExpTest@b7dd107]" name="verifyIndustry_AvgDaysPerPartTest" duration-ms="63" started-at="2019-06-12T15:35:48Z" finished-at="2019-06-12T15:35:48Z">
          <reporter-output>
          </reporter-output>
        </test-method> <!-- verifyIndustry_AvgDaysPerPartTest -->
        <test-method status="PASS" signature="verifyIndustry_PentPercTest()[pri:0, instance:com.pld.Test.LearningExpTest@b7dd107]" name="verifyIndustry_PentPercTest" duration-ms="65" started-at="2019-06-12T15:35:48Z" finished-at="2019-06-12T15:35:48Z">
          <reporter-output>
          </reporter-output>
        </test-method> <!-- verifyIndustry_PentPercTest -->
        <test-method status="PASS" signature="verifyIndustry_StudentDaysTest()[pri:0, instance:com.pld.Test.LearningExpTest@b7dd107]" name="verifyIndustry_StudentDaysTest" duration-ms="63" started-at="2019-06-12T15:35:48Z" finished-at="2019-06-12T15:35:48Z">
          <reporter-output>
          </reporter-output>
        </test-method> <!-- verifyIndustry_StudentDaysTest -->
        <test-method status="PASS" signature="verifyIndustry_UniqueParticipantsTest()[pri:0, instance:com.pld.Test.LearningExpTest@b7dd107]" name="verifyIndustry_UniqueParticipantsTest" duration-ms="62" started-at="2019-06-12T15:35:48Z" finished-at="2019-06-12T15:35:48Z">
          <reporter-output>
          </reporter-output>
        </test-method> <!-- verifyIndustry_UniqueParticipantsTest -->
        <test-method status="PASS" signature="verifyMetricTest()[pri:0, instance:com.pld.Test.LearningExpTest@b7dd107]" name="verifyMetricTest" duration-ms="63" started-at="2019-06-12T15:35:48Z" finished-at="2019-06-12T15:35:48Z">
          <reporter-output>
          </reporter-output>
        </test-method> <!-- verifyMetricTest -->
        <test-method status="PASS" signature="verifyPentPercTest()[pri:0, instance:com.pld.Test.LearningExpTest@b7dd107]" name="verifyPentPercTest" duration-ms="62" started-at="2019-06-12T15:35:48Z" finished-at="2019-06-12T15:35:48Z">
          <reporter-output>
          </reporter-output>
        </test-method> <!-- verifyPentPercTest -->
        <test-method status="PASS" signature="verifyServiceLine_AvgDaysPerpartTest()[pri:0, instance:com.pld.Test.LearningExpTest@b7dd107]" name="verifyServiceLine_AvgDaysPerpartTest" duration-ms="63" started-at="2019-06-12T15:35:48Z" finished-at="2019-06-12T15:35:49Z">
          <reporter-output>
          </reporter-output>
        </test-method> <!-- verifyServiceLine_AvgDaysPerpartTest -->
        <test-method status="PASS" signature="verifyServiceLine_pentpercTest()[pri:0, instance:com.pld.Test.LearningExpTest@b7dd107]" name="verifyServiceLine_pentpercTest" duration-ms="62" started-at="2019-06-12T15:35:49Z" finished-at="2019-06-12T15:35:49Z">
          <reporter-output>
          </reporter-output>
        </test-method> <!-- verifyServiceLine_pentpercTest -->
        <test-method status="PASS" signature="verifyServiceLine_StudentDaysTest()[pri:0, instance:com.pld.Test.LearningExpTest@b7dd107]" name="verifyServiceLine_StudentDaysTest" duration-ms="63" started-at="2019-06-12T15:35:49Z" finished-at="2019-06-12T15:35:49Z">
          <reporter-output>
          </reporter-output>
        </test-method> <!-- verifyServiceLine_StudentDaysTest -->
        <test-method status="PASS" signature="verifyServiceline_uniqueParticipantsTest()[pri:0, instance:com.pld.Test.LearningExpTest@b7dd107]" name="verifyServiceline_uniqueParticipantsTest" duration-ms="78" started-at="2019-06-12T15:35:49Z" finished-at="2019-06-12T15:35:49Z">
          <reporter-output>
          </reporter-output>
        </test-method> <!-- verifyServiceline_uniqueParticipantsTest -->
        <test-method status="PASS" signature="verifyServiceLineSubAreasTest()[pri:0, instance:com.pld.Test.LearningExpTest@b7dd107]" name="verifyServiceLineSubAreasTest" duration-ms="62" started-at="2019-06-12T15:35:49Z" finished-at="2019-06-12T15:35:49Z">
          <reporter-output>
          </reporter-output>
        </test-method> <!-- verifyServiceLineSubAreasTest -->
        <test-method status="PASS" signature="verifyStudentDaysTest()[pri:0, instance:com.pld.Test.LearningExpTest@b7dd107]" name="verifyStudentDaysTest" duration-ms="86" started-at="2019-06-12T15:35:49Z" finished-at="2019-06-12T15:35:49Z">
          <reporter-output>
          </reporter-output>
        </test-method> <!-- verifyStudentDaysTest -->
        <test-method status="PASS" signature="verifyTotalTest()[pri:0, instance:com.pld.Test.LearningExpTest@b7dd107]" name="verifyTotalTest" duration-ms="62" started-at="2019-06-12T15:35:49Z" finished-at="2019-06-12T15:35:49Z">
          <reporter-output>
          </reporter-output>
        </test-method> <!-- verifyTotalTest -->
        <test-method status="PASS" signature="verifyTrainingDetailsTest()[pri:0, instance:com.pld.Test.LearningExpTest@b7dd107]" name="verifyTrainingDetailsTest" duration-ms="63" started-at="2019-06-12T15:35:49Z" finished-at="2019-06-12T15:35:49Z">
          <reporter-output>
          </reporter-output>
        </test-method> <!-- verifyTrainingDetailsTest -->
        <test-method status="PASS" signature="verifyUniqueParticipantsTest()[pri:0, instance:com.pld.Test.LearningExpTest@b7dd107]" name="verifyUniqueParticipantsTest" duration-ms="66" started-at="2019-06-12T15:35:49Z" finished-at="2019-06-12T15:35:49Z">
          <reporter-output>
          </reporter-output>
        </test-method> <!-- verifyUniqueParticipantsTest -->
        <test-method status="PASS" signature="verifyStudentDayDistributionChartTest()[pri:0, instance:com.pld.Test.LearningExpTest@b7dd107]" name="verifyStudentDayDistributionChartTest" duration-ms="62" started-at="2019-06-12T15:35:49Z" finished-at="2019-06-12T15:35:49Z">
          <reporter-output>
          </reporter-output>
        </test-method> <!-- verifyStudentDayDistributionChartTest -->
        <test-method status="PASS" signature="verifyStudentDayDistributionTest()[pri:0, instance:com.pld.Test.LearningExpTest@b7dd107]" name="verifyStudentDayDistributionTest" duration-ms="63" started-at="2019-06-12T15:35:49Z" depends-on-methods="com.pld.Test.LearningExpTest.clickOnLearningTileTest" finished-at="2019-06-12T15:35:49Z">
          <reporter-output>
          </reporter-output>
        </test-method> <!-- verifyStudentDayDistributionTest -->
        <test-method status="PASS" signature="clickonDashBoard()[pri:0, instance:com.pld.Test.LearningExpTest@b7dd107]" name="clickonDashBoard" duration-ms="414" started-at="2019-06-12T15:35:49Z" depends-on-methods="com.pld.Test.LearningExpTest.verifyStudentDayDistributionTest" finished-at="2019-06-12T15:35:50Z">
          <reporter-output>
          </reporter-output>
        </test-method> <!-- clickonDashBoard -->
      </class> <!-- com.pld.Test.LearningExpTest -->
      <class name="com.pld.restassured.HiringAPITest">
        <test-method status="PASS" signature="verifyHiringFunnel()[pri:0, instance:com.pld.restassured.HiringAPITest@4e718207]" name="verifyHiringFunnel" duration-ms="40547" started-at="2019-06-12T16:25:58Z" finished-at="2019-06-12T16:26:39Z">
          <reporter-output>
          </reporter-output>
        </test-method> <!-- verifyHiringFunnel -->
        <test-method status="PASS" signature="verifyHiringFunnelAsOF()[pri:0, instance:com.pld.restassured.HiringAPITest@4e718207]" name="verifyHiringFunnelAsOF" duration-ms="46497" started-at="2019-06-12T16:26:39Z" finished-at="2019-06-12T16:27:25Z">
          <reporter-output>
          </reporter-output>
        </test-method> <!-- verifyHiringFunnelAsOF -->
        <test-method status="PASS" signature="verifyKeyStaticsTable()[pri:0, instance:com.pld.restassured.HiringAPITest@4e718207]" name="verifyKeyStaticsTable" duration-ms="45587" started-at="2019-06-12T16:27:25Z" finished-at="2019-06-12T16:28:11Z">
          <reporter-output>
          </reporter-output>
        </test-method> <!-- verifyKeyStaticsTable -->
        <test-method status="FAIL" signature="verifyRecentJoiners()[pri:0, instance:com.pld.restassured.HiringAPITest@4e718207]" name="verifyRecentJoiners" duration-ms="532" started-at="2019-06-12T16:28:11Z" finished-at="2019-06-12T16:28:11Z">
          <exception class="org.json.JSONException">
            <message>
              <![CDATA[A JSONObject text must begin with '{' at 1 [character 2 line 1]]]>
            </message>
            <full-stacktrace>
              <![CDATA[org.json.JSONException: A JSONObject text must begin with '{' at 1 [character 2 line 1]
	at org.json.JSONTokener.syntaxError(JSONTokener.java:433)
	at org.json.JSONObject.<init>(JSONObject.java:195)
	at org.json.JSONObject.<init>(JSONObject.java:319)
	at com.pld.restassured.HiringAPITest.verifyRecentJoiners(HiringAPITest.java:99)
	at sun.reflect.NativeMethodAccessorImpl.invoke0(Native Method)
	at sun.reflect.NativeMethodAccessorImpl.invoke(Unknown Source)
	at sun.reflect.DelegatingMethodAccessorImpl.invoke(Unknown Source)
	at java.lang.reflect.Method.invoke(Unknown Source)
	at org.testng.internal.MethodInvocationHelper.invokeMethod(MethodInvocationHelper.java:80)
	at org.testng.internal.Invoker.invokeMethod(Invoker.java:714)
	at org.testng.internal.Invoker.invokeTestMethod(Invoker.java:901)
	at org.testng.internal.Invoker.invokeTestMethods(Invoker.java:1231)
	at org.testng.internal.TestMethodWorker.invokeTestMethods(TestMethodWorker.java:127)
	at org.testng.internal.TestMethodWorker.run(TestMethodWorker.java:111)
	at org.testng.TestRunner.privateRun(TestRunner.java:767)
	at org.testng.TestRunner.run(TestRunner.java:617)
	at org.testng.SuiteRunner.runTest(SuiteRunner.java:334)
	at org.testng.SuiteRunner.runSequentially(SuiteRunner.java:329)
	at org.testng.SuiteRunner.privateRun(SuiteRunner.java:291)
	at org.testng.SuiteRunner.run(SuiteRunner.java:240)
	at org.testng.SuiteRunnerWorker.runSuite(SuiteRunnerWorker.java:52)
	at org.testng.SuiteRunnerWorker.run(SuiteRunnerWorker.java:86)
	at org.testng.TestNG.runSuitesSequentially(TestNG.java:1198)
	at org.testng.TestNG.runSuitesLocally(TestNG.java:1123)
	at org.testng.TestNG.run(TestNG.java:1031)
	at org.testng.remote.AbstractRemoteTestNG.run(AbstractRemoteTestNG.java:114)
	at org.testng.remote.RemoteTestNG.initAndRun(RemoteTestNG.java:251)
	at org.testng.remote.RemoteTestNG.main(RemoteTestNG.java:77)
]]>
            </full-stacktrace>
          </exception> <!-- org.json.JSONException -->
          <reporter-output>
          </reporter-output>
        </test-method> <!-- verifyRecentJoiners -->
      </class> <!-- com.pld.restassured.HiringAPITest -->
      <class name="com.pld.Test.BenchTileExpansionTest">
        <test-method status="PASS" signature="setUp()[pri:0, instance:com.pld.Test.BenchTileExpansionTest@7a30d1e6]" name="setUp" is-config="true" duration-ms="5" started-at="2019-06-12T15:33:19Z" finished-at="2019-06-12T15:33:19Z">
          <reporter-output>
          </reporter-output>
        </test-method> <!-- setUp -->
        <test-method status="PASS" signature="clickOnBenchTile()[pri:0, instance:com.pld.Test.BenchTileExpansionTest@7a30d1e6]" name="clickOnBenchTile" duration-ms="496" started-at="2019-06-12T15:33:19Z" finished-at="2019-06-12T15:33:19Z">
          <reporter-output>
          </reporter-output>
        </test-method> <!-- clickOnBenchTile -->
        <test-method status="PASS" signature="verifyBenchAndRolloffsByWeekTest()[pri:0, instance:com.pld.Test.BenchTileExpansionTest@7a30d1e6]" name="verifyBenchAndRolloffsByWeekTest" duration-ms="118" started-at="2019-06-12T15:33:19Z" finished-at="2019-06-12T15:33:19Z">
          <reporter-output>
          </reporter-output>
        </test-method> <!-- verifyBenchAndRolloffsByWeekTest -->
        <test-method status="PASS" signature="verifyAAIDTest()[pri:0, instance:com.pld.Test.BenchTileExpansionTest@7a30d1e6]" name="verifyAAIDTest" duration-ms="7411" started-at="2019-06-12T15:33:19Z" finished-at="2019-06-12T15:33:27Z">
          <reporter-output>
          </reporter-output>
        </test-method> <!-- verifyAAIDTest -->
        <test-method status="PASS" signature="verifyAgedbenchHCTest()[pri:0, instance:com.pld.Test.BenchTileExpansionTest@7a30d1e6]" name="verifyAgedbenchHCTest" duration-ms="62" started-at="2019-06-12T15:33:27Z" finished-at="2019-06-12T15:33:27Z">
          <reporter-output>
          </reporter-output>
        </test-method> <!-- verifyAgedbenchHCTest -->
        <test-method status="PASS" signature="verifyAvailDateTest()[pri:0, instance:com.pld.Test.BenchTileExpansionTest@7a30d1e6]" name="verifyAvailDateTest" duration-ms="78" started-at="2019-06-12T15:33:27Z" finished-at="2019-06-12T15:33:27Z">
          <reporter-output>
          </reporter-output>
        </test-method> <!-- verifyAvailDateTest -->
        <test-method status="PASS" signature="verifyAwayTest()[pri:0, instance:com.pld.Test.BenchTileExpansionTest@7a30d1e6]" name="verifyAwayTest" duration-ms="110" started-at="2019-06-12T15:33:27Z" finished-at="2019-06-12T15:33:27Z">
          <reporter-output>
          </reporter-output>
        </test-method> <!-- verifyAwayTest -->
        <test-method status="PASS" signature="verifyBandTextTest()[pri:0, instance:com.pld.Test.BenchTileExpansionTest@7a30d1e6]" name="verifyBandTextTest" duration-ms="218" started-at="2019-06-12T15:33:27Z" finished-at="2019-06-12T15:33:27Z">
          <reporter-output>
          </reporter-output>
        </test-method> <!-- verifyBandTextTest -->
        <test-method status="PASS" signature="verifyBenchAgeTest()[pri:0, instance:com.pld.Test.BenchTileExpansionTest@7a30d1e6]" name="verifyBenchAgeTest" duration-ms="78" started-at="2019-06-12T15:33:27Z" finished-at="2019-06-12T15:33:27Z">
          <reporter-output>
          </reporter-output>
        </test-method> <!-- verifyBenchAgeTest -->
        <test-method status="PASS" signature="verifyBenchByAgeTest()[pri:0, instance:com.pld.Test.BenchTileExpansionTest@7a30d1e6]" name="verifyBenchByAgeTest" duration-ms="104" started-at="2019-06-12T15:33:27Z" finished-at="2019-06-12T15:33:27Z">
          <reporter-output>
          </reporter-output>
        </test-method> <!-- verifyBenchByAgeTest -->
        <test-method status="PASS" signature="verifyBenchByDateAndRollOffEmployeesTest()[pri:0, instance:com.pld.Test.BenchTileExpansionTest@7a30d1e6]" name="verifyBenchByDateAndRollOffEmployeesTest" duration-ms="234" started-at="2019-06-12T15:33:27Z" finished-at="2019-06-12T15:33:28Z">
          <reporter-output>
          </reporter-output>
        </test-method> <!-- verifyBenchByDateAndRollOffEmployeesTest -->
        <test-method status="PASS" signature="verifyCriticalSkillsWithExcessTest()[pri:0, instance:com.pld.Test.BenchTileExpansionTest@7a30d1e6]" name="verifyCriticalSkillsWithExcessTest" duration-ms="111" started-at="2019-06-12T15:33:28Z" finished-at="2019-06-12T15:33:28Z">
          <reporter-output>
          </reporter-output>
        </test-method> <!-- verifyCriticalSkillsWithExcessTest -->
        <test-method status="PASS" signature="verifyElevenToThirtyDaysTest()[pri:0, instance:com.pld.Test.BenchTileExpansionTest@7a30d1e6]" name="verifyElevenToThirtyDaysTest" duration-ms="78" started-at="2019-06-12T15:33:28Z" finished-at="2019-06-12T15:33:28Z">
          <reporter-output>
          </reporter-output>
        </test-method> <!-- verifyElevenToThirtyDaysTest -->
        <test-method status="PASS" signature="verifyHoursFCTest()[pri:0, instance:com.pld.Test.BenchTileExpansionTest@7a30d1e6]" name="verifyHoursFCTest" duration-ms="81" started-at="2019-06-12T15:33:28Z" finished-at="2019-06-12T15:33:28Z">
          <reporter-output>
          </reporter-output>
        </test-method> <!-- verifyHoursFCTest -->
        <test-method status="PASS" signature="verifyIndustryTest()[pri:0, instance:com.pld.Test.BenchTileExpansionTest@7a30d1e6]" name="verifyIndustryTest" duration-ms="78" started-at="2019-06-12T15:33:28Z" finished-at="2019-06-12T15:33:28Z">
          <reporter-output>
          </reporter-output>
        </test-method> <!-- verifyIndustryTest -->
        <test-method status="PASS" signature="verifyInPlayTextTest()[pri:0, instance:com.pld.Test.BenchTileExpansionTest@7a30d1e6]" name="verifyInPlayTextTest" duration-ms="78" started-at="2019-06-12T15:33:28Z" finished-at="2019-06-12T15:33:28Z">
          <reporter-output>
          </reporter-output>
        </test-method> <!-- verifyInPlayTextTest -->
        <test-method status="PASS" signature="verifyJRSSTest()[pri:0, instance:com.pld.Test.BenchTileExpansionTest@7a30d1e6]" name="verifyJRSSTest" duration-ms="79" started-at="2019-06-12T15:33:28Z" finished-at="2019-06-12T15:33:28Z">
          <reporter-output>
          </reporter-output>
        </test-method> <!-- verifyJRSSTest -->
        <test-method status="PASS" signature="verifyLocationTest()[pri:0, instance:com.pld.Test.BenchTileExpansionTest@7a30d1e6]" name="verifyLocationTest" duration-ms="78" started-at="2019-06-12T15:33:28Z" finished-at="2019-06-12T15:33:28Z">
          <reporter-output>
          </reporter-output>
        </test-method> <!-- verifyLocationTest -->
        <test-method status="PASS" signature="verifyMCTest()[pri:0, instance:com.pld.Test.BenchTileExpansionTest@7a30d1e6]" name="verifyMCTest" duration-ms="78" started-at="2019-06-12T15:33:28Z" finished-at="2019-06-12T15:33:28Z">
          <reporter-output>
          </reporter-output>
        </test-method> <!-- verifyMCTest -->
        <test-method status="PASS" signature="verifyNameTextTest()[pri:0, instance:com.pld.Test.BenchTileExpansionTest@7a30d1e6]" name="verifyNameTextTest" duration-ms="78" started-at="2019-06-12T15:33:28Z" finished-at="2019-06-12T15:33:28Z">
          <reporter-output>
          </reporter-output>
        </test-method> <!-- verifyNameTextTest -->
        <test-method status="PASS" signature="verifyPriorAssignmentTest()[pri:0, instance:com.pld.Test.BenchTileExpansionTest@7a30d1e6]" name="verifyPriorAssignmentTest" duration-ms="62" started-at="2019-06-12T15:33:28Z" finished-at="2019-06-12T15:33:28Z">
          <reporter-output>
          </reporter-output>
        </test-method> <!-- verifyPriorAssignmentTest -->
        <test-method status="PASS" signature="verifyQTDCUTest()[pri:0, instance:com.pld.Test.BenchTileExpansionTest@7a30d1e6]" name="verifyQTDCUTest" duration-ms="63" started-at="2019-06-12T15:33:28Z" finished-at="2019-06-12T15:33:28Z">
          <reporter-output>
          </reporter-output>
        </test-method> <!-- verifyQTDCUTest -->
        <test-method status="PASS" signature="verifyQTDPUTest()[pri:0, instance:com.pld.Test.BenchTileExpansionTest@7a30d1e6]" name="verifyQTDPUTest" duration-ms="85" started-at="2019-06-12T15:33:28Z" finished-at="2019-06-12T15:33:28Z">
          <reporter-output>
          </reporter-output>
        </test-method> <!-- verifyQTDPUTest -->
        <test-method status="PASS" signature="verifySixtyPlusDaysTest()[pri:0, instance:com.pld.Test.BenchTileExpansionTest@7a30d1e6]" name="verifySixtyPlusDaysTest" duration-ms="62" started-at="2019-06-12T15:33:28Z" finished-at="2019-06-12T15:33:29Z">
          <reporter-output>
          </reporter-output>
        </test-method> <!-- verifySixtyPlusDaysTest -->
        <test-method status="PASS" signature="verifyThirtyOneToSixthDaysTest()[pri:0, instance:com.pld.Test.BenchTileExpansionTest@7a30d1e6]" name="verifyThirtyOneToSixthDaysTest" duration-ms="63" started-at="2019-06-12T15:33:29Z" finished-at="2019-06-12T15:33:29Z">
          <reporter-output>
          </reporter-output>
        </test-method> <!-- verifyThirtyOneToSixthDaysTest -->
        <test-method status="PASS" signature="verifyTotalHCTest()[pri:0, instance:com.pld.Test.BenchTileExpansionTest@7a30d1e6]" name="verifyTotalHCTest" duration-ms="78" started-at="2019-06-12T15:33:29Z" finished-at="2019-06-12T15:33:29Z">
          <reporter-output>
          </reporter-output>
        </test-method> <!-- verifyTotalHCTest -->
        <test-method status="PASS" signature="verifyViewTest()[pri:0, instance:com.pld.Test.BenchTileExpansionTest@7a30d1e6]" name="verifyViewTest" duration-ms="62" started-at="2019-06-12T15:33:29Z" finished-at="2019-06-12T15:33:29Z">
          <reporter-output>
          </reporter-output>
        </test-method> <!-- verifyViewTest -->
        <test-method status="PASS" signature="verifyZeroToTenDaysTest()[pri:0, instance:com.pld.Test.BenchTileExpansionTest@7a30d1e6]" name="verifyZeroToTenDaysTest" duration-ms="50" started-at="2019-06-12T15:33:29Z" finished-at="2019-06-12T15:33:29Z">
          <reporter-output>
          </reporter-output>
        </test-method> <!-- verifyZeroToTenDaysTest -->
        <test-method status="PASS" signature="verifylegendBenchTest()[pri:0, instance:com.pld.Test.BenchTileExpansionTest@7a30d1e6]" name="verifylegendBenchTest" duration-ms="78" started-at="2019-06-12T15:33:29Z" finished-at="2019-06-12T15:33:29Z">
          <reporter-output>
          </reporter-output>
        </test-method> <!-- verifylegendBenchTest -->
        <test-method status="PASS" signature="verifylegend6WeekRollOffsTest()[pri:0, instance:com.pld.Test.BenchTileExpansionTest@7a30d1e6]" name="verifylegend6WeekRollOffsTest" duration-ms="86" started-at="2019-06-12T15:33:29Z" finished-at="2019-06-12T15:33:29Z">
          <reporter-output>
          </reporter-output>
        </test-method> <!-- verifylegend6WeekRollOffsTest -->
        <test-method status="PASS" signature="verifyBenchRollOffChartTest()[pri:0, instance:com.pld.Test.BenchTileExpansionTest@7a30d1e6]" name="verifyBenchRollOffChartTest" duration-ms="63" started-at="2019-06-12T15:33:29Z" finished-at="2019-06-12T15:33:29Z">
          <reporter-output>
          </reporter-output>
        </test-method> <!-- verifyBenchRollOffChartTest -->
        <test-method status="PASS" signature="verifyBenchByAgeDoughnutChartTest()[pri:0, instance:com.pld.Test.BenchTileExpansionTest@7a30d1e6]" name="verifyBenchByAgeDoughnutChartTest" duration-ms="47" started-at="2019-06-12T15:33:29Z" finished-at="2019-06-12T15:33:29Z">
          <reporter-output>
          </reporter-output>
        </test-method> <!-- verifyBenchByAgeDoughnutChartTest -->
        <test-method status="PASS" signature="backtoDashBoard()[pri:0, instance:com.pld.Test.BenchTileExpansionTest@7a30d1e6]" name="backtoDashBoard" duration-ms="652" started-at="2019-06-12T15:33:29Z" finished-at="2019-06-12T15:33:30Z">
          <reporter-output>
          </reporter-output>
        </test-method> <!-- backtoDashBoard -->
      </class> <!-- com.pld.Test.BenchTileExpansionTest -->
      <class name="com.pld.restassured.BenchAgeByCatrgoryTest">
        <test-method status="PASS" signature="verifyBenchAgeByCategoryTest()[pri:0, instance:com.pld.restassured.BenchAgeByCatrgoryTest@43bd930a]" name="verifyBenchAgeByCategoryTest" duration-ms="43284" started-at="2019-06-12T15:47:32Z" finished-at="2019-06-12T15:48:15Z">
          <reporter-output>
          </reporter-output>
        </test-method> <!-- verifyBenchAgeByCategoryTest -->
        <test-method status="PASS" signature="verifyBenchByAgedataTest()[pri:0, instance:com.pld.restassured.BenchAgeByCatrgoryTest@43bd930a]" name="verifyBenchByAgedataTest" duration-ms="43145" started-at="2019-06-12T15:48:15Z" finished-at="2019-06-12T15:48:58Z">
          <reporter-output>
          </reporter-output>
        </test-method> <!-- verifyBenchByAgedataTest -->
        <test-method status="FAIL" signature="verifyBenchEmployeeRollOff()[pri:0, instance:com.pld.restassured.BenchAgeByCatrgoryTest@43bd930a]" name="verifyBenchEmployeeRollOff" duration-ms="511" started-at="2019-06-12T15:48:58Z" finished-at="2019-06-12T15:48:59Z">
          <exception class="org.json.JSONException">
            <message>
              <![CDATA[A JSONObject text must begin with '{' at 1 [character 2 line 1]]]>
            </message>
            <full-stacktrace>
              <![CDATA[org.json.JSONException: A JSONObject text must begin with '{' at 1 [character 2 line 1]
	at org.json.JSONTokener.syntaxError(JSONTokener.java:433)
	at org.json.JSONObject.<init>(JSONObject.java:195)
	at org.json.JSONObject.<init>(JSONObject.java:319)
	at com.pld.restassured.BenchAgeByCatrgoryTest.verifyBenchEmployeeRollOff(BenchAgeByCatrgoryTest.java:131)
	at sun.reflect.NativeMethodAccessorImpl.invoke0(Native Method)
	at sun.reflect.NativeMethodAccessorImpl.invoke(Unknown Source)
	at sun.reflect.DelegatingMethodAccessorImpl.invoke(Unknown Source)
	at java.lang.reflect.Method.invoke(Unknown Source)
	at org.testng.internal.MethodInvocationHelper.invokeMethod(MethodInvocationHelper.java:80)
	at org.testng.internal.Invoker.invokeMethod(Invoker.java:714)
	at org.testng.internal.Invoker.invokeTestMethod(Invoker.java:901)
	at org.testng.internal.Invoker.invokeTestMethods(Invoker.java:1231)
	at org.testng.internal.TestMethodWorker.invokeTestMethods(TestMethodWorker.java:127)
	at org.testng.internal.TestMethodWorker.run(TestMethodWorker.java:111)
	at org.testng.TestRunner.privateRun(TestRunner.java:767)
	at org.testng.TestRunner.run(TestRunner.java:617)
	at org.testng.SuiteRunner.runTest(SuiteRunner.java:334)
	at org.testng.SuiteRunner.runSequentially(SuiteRunner.java:329)
	at org.testng.SuiteRunner.privateRun(SuiteRunner.java:291)
	at org.testng.SuiteRunner.run(SuiteRunner.java:240)
	at org.testng.SuiteRunnerWorker.runSuite(SuiteRunnerWorker.java:52)
	at org.testng.SuiteRunnerWorker.run(SuiteRunnerWorker.java:86)
	at org.testng.TestNG.runSuitesSequentially(TestNG.java:1198)
	at org.testng.TestNG.runSuitesLocally(TestNG.java:1123)
	at org.testng.TestNG.run(TestNG.java:1031)
	at org.testng.remote.AbstractRemoteTestNG.run(AbstractRemoteTestNG.java:114)
	at org.testng.remote.RemoteTestNG.initAndRun(RemoteTestNG.java:251)
	at org.testng.remote.RemoteTestNG.main(RemoteTestNG.java:77)
]]>
            </full-stacktrace>
          </exception> <!-- org.json.JSONException -->
          <reporter-output>
          </reporter-output>
        </test-method> <!-- verifyBenchEmployeeRollOff -->
        <test-method status="PASS" signature="verifyBenchHCbyWeekdataTest()[pri:0, instance:com.pld.restassured.BenchAgeByCatrgoryTest@43bd930a]" name="verifyBenchHCbyWeekdataTest" duration-ms="35907" started-at="2019-06-12T15:48:59Z" finished-at="2019-06-12T15:49:35Z">
          <reporter-output>
          </reporter-output>
        </test-method> <!-- verifyBenchHCbyWeekdataTest -->
        <test-method status="PASS" signature="verifyBenchTableFiltersTest()[pri:0, instance:com.pld.restassured.BenchAgeByCatrgoryTest@43bd930a]" name="verifyBenchTableFiltersTest" duration-ms="31209" started-at="2019-06-12T15:49:35Z" finished-at="2019-06-12T15:50:06Z">
          <reporter-output>
          </reporter-output>
        </test-method> <!-- verifyBenchTableFiltersTest -->
      </class> <!-- com.pld.restassured.BenchAgeByCatrgoryTest -->
      <class name="com.pld.Test.LearningTileTest">
        <test-method status="PASS" signature="setUp()[pri:0, instance:com.pld.Test.LearningTileTest@cb0ed20]" name="setUp" is-config="true" duration-ms="17" started-at="2019-06-12T15:35:36Z" finished-at="2019-06-12T15:35:36Z">
          <reporter-output>
          </reporter-output>
        </test-method> <!-- setUp -->
        <test-method status="PASS" signature="verifyBelowTrackTest()[pri:0, instance:com.pld.Test.LearningTileTest@cb0ed20]" name="verifyBelowTrackTest" duration-ms="4349" started-at="2019-06-12T15:35:36Z" finished-at="2019-06-12T15:35:40Z">
          <reporter-output>
          </reporter-output>
        </test-method> <!-- verifyBelowTrackTest -->
        <test-method status="PASS" signature="verifyCrossPlatformTest()[pri:0, instance:com.pld.Test.LearningTileTest@cb0ed20]" name="verifyCrossPlatformTest" duration-ms="63" started-at="2019-06-12T15:35:40Z" finished-at="2019-06-12T15:35:40Z">
          <reporter-output>
          </reporter-output>
        </test-method> <!-- verifyCrossPlatformTest -->
        <test-method status="PASS" signature="verifyDaysOrPersonbyDeliveryTypeTest()[pri:0, instance:com.pld.Test.LearningTileTest@cb0ed20]" name="verifyDaysOrPersonbyDeliveryTypeTest" duration-ms="61" started-at="2019-06-12T15:35:40Z" finished-at="2019-06-12T15:35:40Z">
          <reporter-output>
          </reporter-output>
        </test-method> <!-- verifyDaysOrPersonbyDeliveryTypeTest -->
        <test-method status="PASS" signature="verifyF2FTest()[pri:0, instance:com.pld.Test.LearningTileTest@cb0ed20]" name="verifyF2FTest" duration-ms="62" started-at="2019-06-12T15:35:40Z" finished-at="2019-06-12T15:35:40Z">
          <reporter-output>
          </reporter-output>
        </test-method> <!-- verifyF2FTest -->
        <test-method status="PASS" signature="verifyIndustrySkillsTest()[pri:0, instance:com.pld.Test.LearningTileTest@cb0ed20]" name="verifyIndustrySkillsTest" duration-ms="70" started-at="2019-06-12T15:35:40Z" finished-at="2019-06-12T15:35:40Z">
          <reporter-output>
          </reporter-output>
        </test-method> <!-- verifyIndustrySkillsTest -->
        <test-method status="PASS" signature="verifyLearningBarGraph1Test()[pri:0, instance:com.pld.Test.LearningTileTest@cb0ed20]" name="verifyLearningBarGraph1Test" duration-ms="70" started-at="2019-06-12T15:35:40Z" finished-at="2019-06-12T15:35:41Z">
          <reporter-output>
          </reporter-output>
        </test-method> <!-- verifyLearningBarGraph1Test -->
        <test-method status="PASS" signature="verifyLearningTest()[pri:0, instance:com.pld.Test.LearningTileTest@cb0ed20]" name="verifyLearningTest" duration-ms="58" started-at="2019-06-12T15:35:41Z" finished-at="2019-06-12T15:35:41Z">
          <reporter-output>
          </reporter-output>
        </test-method> <!-- verifyLearningTest -->
        <test-method status="PASS" signature="verifyLearning_DayPerPersonChartTest()[pri:0, instance:com.pld.Test.LearningTileTest@cb0ed20]" name="verifyLearning_DayPerPersonChartTest" duration-ms="58" started-at="2019-06-12T15:35:41Z" finished-at="2019-06-12T15:35:41Z">
          <reporter-output>
          </reporter-output>
        </test-method> <!-- verifyLearning_DayPerPersonChartTest -->
        <test-method status="PASS" signature="verifyLearning_Think40GraphTest()[pri:0, instance:com.pld.Test.LearningTileTest@cb0ed20]" name="verifyLearning_Think40GraphTest" duration-ms="59" started-at="2019-06-12T15:35:41Z" finished-at="2019-06-12T15:35:41Z">
          <reporter-output>
          </reporter-output>
        </test-method> <!-- verifyLearning_Think40GraphTest -->
        <test-method status="PASS" signature="verifyOnTrackTest()[pri:0, instance:com.pld.Test.LearningTileTest@cb0ed20]" name="verifyOnTrackTest" duration-ms="55" started-at="2019-06-12T15:35:41Z" finished-at="2019-06-12T15:35:41Z">
          <reporter-output>
          </reporter-output>
        </test-method> <!-- verifyOnTrackTest -->
        <test-method status="PASS" signature="verifyPracticeSkillsTest()[pri:0, instance:com.pld.Test.LearningTileTest@cb0ed20]" name="verifyPracticeSkillsTest" duration-ms="51" started-at="2019-06-12T15:35:41Z" finished-at="2019-06-12T15:35:41Z">
          <reporter-output>
          </reporter-output>
        </test-method> <!-- verifyPracticeSkillsTest -->
        <test-method status="PASS" signature="verifyProRatedYTDTGTTTest()[pri:0, instance:com.pld.Test.LearningTileTest@cb0ed20]" name="verifyProRatedYTDTGTTTest" duration-ms="58" started-at="2019-06-12T15:35:41Z" finished-at="2019-06-12T15:35:41Z">
          <reporter-output>
          </reporter-output>
        </test-method> <!-- verifyProRatedYTDTGTTTest -->
        <test-method status="PASS" signature="verifyProfessionalDevTest()[pri:0, instance:com.pld.Test.LearningTileTest@cb0ed20]" name="verifyProfessionalDevTest" duration-ms="55" started-at="2019-06-12T15:35:41Z" finished-at="2019-06-12T15:35:41Z">
          <reporter-output>
          </reporter-output>
        </test-method> <!-- verifyProfessionalDevTest -->
        <test-method status="PASS" signature="verifySelfRptTest()[pri:0, instance:com.pld.Test.LearningTileTest@cb0ed20]" name="verifySelfRptTest" duration-ms="50" started-at="2019-06-12T15:35:41Z" finished-at="2019-06-12T15:35:41Z">
          <reporter-output>
          </reporter-output>
        </test-method> <!-- verifySelfRptTest -->
        <test-method status="PASS" signature="verifyThinkFourtyTest()[pri:0, instance:com.pld.Test.LearningTileTest@cb0ed20]" name="verifyThinkFourtyTest" duration-ms="49" started-at="2019-06-12T15:35:41Z" finished-at="2019-06-12T15:35:41Z">
          <reporter-output>
          </reporter-output>
        </test-method> <!-- verifyThinkFourtyTest -->
        <test-method status="PASS" signature="verifyTotalTest()[pri:0, instance:com.pld.Test.LearningTileTest@cb0ed20]" name="verifyTotalTest" duration-ms="63" started-at="2019-06-12T15:35:41Z" finished-at="2019-06-12T15:35:41Z">
          <reporter-output>
          </reporter-output>
        </test-method> <!-- verifyTotalTest -->
        <test-method status="PASS" signature="verifyTrainingDaysTest()[pri:0, instance:com.pld.Test.LearningTileTest@cb0ed20]" name="verifyTrainingDaysTest" duration-ms="62" started-at="2019-06-12T15:35:41Z" finished-at="2019-06-12T15:35:41Z">
          <reporter-output>
          </reporter-output>
        </test-method> <!-- verifyTrainingDaysTest -->
        <test-method status="PASS" signature="verifyVirtualTest()[pri:0, instance:com.pld.Test.LearningTileTest@cb0ed20]" name="verifyVirtualTest" duration-ms="71" started-at="2019-06-12T15:35:41Z" finished-at="2019-06-12T15:35:41Z">
          <reporter-output>
          </reporter-output>
        </test-method> <!-- verifyVirtualTest -->
        <test-method status="PASS" signature="verifyYTDAsOfTest()[pri:0, instance:com.pld.Test.LearningTileTest@cb0ed20]" name="verifyYTDAsOfTest" duration-ms="94" started-at="2019-06-12T15:35:41Z" finished-at="2019-06-12T15:35:41Z">
          <reporter-output>
          </reporter-output>
        </test-method> <!-- verifyYTDAsOfTest -->
        <test-method status="PASS" signature="verifyeLearnTest()[pri:0, instance:com.pld.Test.LearningTileTest@cb0ed20]" name="verifyeLearnTest" duration-ms="144" started-at="2019-06-12T15:35:41Z" finished-at="2019-06-12T15:35:41Z">
          <reporter-output>
          </reporter-output>
        </test-method> <!-- verifyeLearnTest -->
      </class> <!-- com.pld.Test.LearningTileTest -->
      <class name="com.pld.restassured.dashboard.LearningAPITest">
        <test-method status="PASS" signature="verifyDaysOrpersonByDeliveryTypeTest()[pri:0, instance:com.pld.restassured.dashboard.LearningAPITest@78ac1102]" name="verifyDaysOrpersonByDeliveryTypeTest" duration-ms="97591" started-at="2019-06-12T16:44:22Z" finished-at="2019-06-12T16:46:00Z">
          <reporter-output>
          </reporter-output>
        </test-method> <!-- verifyDaysOrpersonByDeliveryTypeTest -->
        <test-method status="PASS" signature="verifyLearningAsOf()[pri:0, instance:com.pld.restassured.dashboard.LearningAPITest@78ac1102]" name="verifyLearningAsOf" duration-ms="26361" started-at="2019-06-12T16:46:00Z" finished-at="2019-06-12T16:46:26Z">
          <reporter-output>
          </reporter-output>
        </test-method> <!-- verifyLearningAsOf -->
        <test-method status="PASS" signature="verifyThinkFourtyTest()[pri:0, instance:com.pld.restassured.dashboard.LearningAPITest@78ac1102]" name="verifyThinkFourtyTest" duration-ms="32955" started-at="2019-06-12T16:46:26Z" finished-at="2019-06-12T16:46:59Z">
          <reporter-output>
          </reporter-output>
        </test-method> <!-- verifyThinkFourtyTest -->
        <test-method status="PASS" signature="verifyTrainingDaysTest()[pri:0, instance:com.pld.restassured.dashboard.LearningAPITest@78ac1102]" name="verifyTrainingDaysTest" duration-ms="80641" started-at="2019-06-12T16:46:59Z" finished-at="2019-06-12T16:48:20Z">
          <reporter-output>
          </reporter-output>
        </test-method> <!-- verifyTrainingDaysTest -->
      </class> <!-- com.pld.restassured.dashboard.LearningAPITest -->
      <class name="com.pld.Test.FTEByContractCodingExpTest">
        <test-method status="PASS" signature="setUp()[pri:0, instance:com.pld.Test.FTEByContractCodingExpTest@289d1c02]" name="setUp" is-config="true" duration-ms="18" started-at="2019-06-12T15:33:47Z" finished-at="2019-06-12T15:33:47Z">
          <reporter-output>
          </reporter-output>
        </test-method> <!-- setUp -->
        <test-method status="PASS" signature="clickOnFTEContractCodingTileTest()[pri:0, instance:com.pld.Test.FTEByContractCodingExpTest@289d1c02]" name="clickOnFTEContractCodingTileTest" duration-ms="496" started-at="2019-06-12T15:33:47Z" finished-at="2019-06-12T15:33:48Z">
          <reporter-output>
          </reporter-output>
        </test-method> <!-- clickOnFTEContractCodingTileTest -->
        <test-method status="PASS" signature="verifyProductiveTest()[pri:0, instance:com.pld.Test.FTEByContractCodingExpTest@289d1c02]" name="verifyProductiveTest" duration-ms="5849" started-at="2019-06-12T15:33:48Z" finished-at="2019-06-12T15:33:54Z">
          <reporter-output>
          </reporter-output>
        </test-method> <!-- verifyProductiveTest -->
        <test-method status="PASS" signature="verifyOtherLinkTest()[pri:0, instance:com.pld.Test.FTEByContractCodingExpTest@289d1c02]" name="verifyOtherLinkTest" duration-ms="78" started-at="2019-06-12T15:33:54Z" finished-at="2019-06-12T15:33:54Z">
          <reporter-output>
          </reporter-output>
        </test-method> <!-- verifyOtherLinkTest -->
        <test-method status="PASS" signature="verifyOther2Test()[pri:0, instance:com.pld.Test.FTEByContractCodingExpTest@289d1c02]" name="verifyOther2Test" duration-ms="125" started-at="2019-06-12T15:33:54Z" finished-at="2019-06-12T15:33:54Z">
          <reporter-output>
          </reporter-output>
        </test-method> <!-- verifyOther2Test -->
        <test-method status="PASS" signature="verifyOtherTest()[pri:0, instance:com.pld.Test.FTEByContractCodingExpTest@289d1c02]" name="verifyOtherTest" duration-ms="93" started-at="2019-06-12T15:33:54Z" finished-at="2019-06-12T15:33:54Z">
          <reporter-output>
          </reporter-output>
        </test-method> <!-- verifyOtherTest -->
        <test-method status="PASS" signature="verifyOfferingCodeBreakdownTest()[pri:0, instance:com.pld.Test.FTEByContractCodingExpTest@289d1c02]" name="verifyOfferingCodeBreakdownTest" duration-ms="141" started-at="2019-06-12T15:33:54Z" finished-at="2019-06-12T15:33:54Z">
          <reporter-output>
          </reporter-output>
        </test-method> <!-- verifyOfferingCodeBreakdownTest -->
        <test-method status="PASS" signature="verifyNGEATest()[pri:0, instance:com.pld.Test.FTEByContractCodingExpTest@289d1c02]" name="verifyNGEATest" duration-ms="94" started-at="2019-06-12T15:33:54Z" finished-at="2019-06-12T15:33:54Z">
          <reporter-output>
          </reporter-output>
        </test-method> <!-- verifyNGEATest -->
        <test-method status="PASS" signature="verifyNameTest()[pri:0, instance:com.pld.Test.FTEByContractCodingExpTest@289d1c02]" name="verifyNameTest" duration-ms="78" started-at="2019-06-12T15:33:54Z" finished-at="2019-06-12T15:33:54Z">
          <reporter-output>
          </reporter-output>
        </test-method> <!-- verifyNameTest -->
        <test-method status="PASS" signature="verifyLocationTest()[pri:0, instance:com.pld.Test.FTEByContractCodingExpTest@289d1c02]" name="verifyLocationTest" duration-ms="109" started-at="2019-06-12T15:33:54Z" finished-at="2019-06-12T15:33:54Z">
          <reporter-output>
          </reporter-output>
        </test-method> <!-- verifyLocationTest -->
        <test-method status="PASS" signature="verifyLevel30CodeTest()[pri:0, instance:com.pld.Test.FTEByContractCodingExpTest@289d1c02]" name="verifyLevel30CodeTest" duration-ms="110" started-at="2019-06-12T15:33:54Z" finished-at="2019-06-12T15:33:55Z">
          <reporter-output>
          </reporter-output>
        </test-method> <!-- verifyLevel30CodeTest -->
        <test-method status="PASS" signature="verifylastClaimDateTest()[pri:0, instance:com.pld.Test.FTEByContractCodingExpTest@289d1c02]" name="verifylastClaimDateTest" duration-ms="93" started-at="2019-06-12T15:33:55Z" finished-at="2019-06-12T15:33:55Z">
          <reporter-output>
          </reporter-output>
        </test-method> <!-- verifylastClaimDateTest -->
        <test-method status="PASS" signature="verifyJRSSTest()[pri:0, instance:com.pld.Test.FTEByContractCodingExpTest@289d1c02]" name="verifyJRSSTest" duration-ms="110" started-at="2019-06-12T15:33:55Z" finished-at="2019-06-12T15:33:55Z">
          <reporter-output>
          </reporter-output>
        </test-method> <!-- verifyJRSSTest -->
        <test-method status="PASS" signature="verifyIXTest()[pri:0, instance:com.pld.Test.FTEByContractCodingExpTest@289d1c02]" name="verifyIXTest" duration-ms="125" started-at="2019-06-12T15:33:55Z" finished-at="2019-06-12T15:33:55Z">
          <reporter-output>
          </reporter-output>
        </test-method> <!-- verifyIXTest -->
        <test-method status="PASS" signature="verifyExcludeOthersTest()[pri:0, instance:com.pld.Test.FTEByContractCodingExpTest@289d1c02]" name="verifyExcludeOthersTest" duration-ms="12416" started-at="2019-06-12T15:33:55Z" finished-at="2019-06-12T15:34:07Z">
          <reporter-output>
          </reporter-output>
        </test-method> <!-- verifyExcludeOthersTest -->
        <test-method status="PASS" signature="verifyEAMSAPTest()[pri:0, instance:com.pld.Test.FTEByContractCodingExpTest@289d1c02]" name="verifyEAMSAPTest" duration-ms="156" started-at="2019-06-12T15:34:07Z" finished-at="2019-06-12T15:34:08Z">
          <reporter-output>
          </reporter-output>
        </test-method> <!-- verifyEAMSAPTest -->
        <test-method status="PASS" signature="verifyDSandiXTest()[pri:0, instance:com.pld.Test.FTEByContractCodingExpTest@289d1c02]" name="verifyDSandiXTest" duration-ms="156" started-at="2019-06-12T15:34:08Z" finished-at="2019-06-12T15:34:08Z">
          <reporter-output>
          </reporter-output>
        </test-method> <!-- verifyDSandiXTest -->
        <test-method status="PASS" signature="verifyDSTest()[pri:0, instance:com.pld.Test.FTEByContractCodingExpTest@289d1c02]" name="verifyDSTest" duration-ms="203" started-at="2019-06-12T15:34:08Z" finished-at="2019-06-12T15:34:08Z">
          <reporter-output>
          </reporter-output>
        </test-method> <!-- verifyDSTest -->
        <test-method status="PASS" signature="verifyDigitalStratrgyandiXTest()[pri:0, instance:com.pld.Test.FTEByContractCodingExpTest@289d1c02]" name="verifyDigitalStratrgyandiXTest" duration-ms="203" started-at="2019-06-12T15:34:08Z" finished-at="2019-06-12T15:34:08Z">
          <reporter-output>
          </reporter-output>
        </test-method> <!-- verifyDigitalStratrgyandiXTest -->
        <test-method status="PASS" signature="verifyCPTTest()[pri:0, instance:com.pld.Test.FTEByContractCodingExpTest@289d1c02]" name="verifyCPTTest" duration-ms="172" started-at="2019-06-12T15:34:08Z" finished-at="2019-06-12T15:34:08Z">
          <reporter-output>
          </reporter-output>
        </test-method> <!-- verifyCPTTest -->
        <test-method status="PASS" signature="verifyCPSFinanceprocessTest()[pri:0, instance:com.pld.Test.FTEByContractCodingExpTest@289d1c02]" name="verifyCPSFinanceprocessTest" duration-ms="110" started-at="2019-06-12T15:34:08Z" finished-at="2019-06-12T15:34:08Z">
          <reporter-output>
          </reporter-output>
        </test-method> <!-- verifyCPSFinanceprocessTest -->
        <test-method status="PASS" signature="verifyCPSTest()[pri:0, instance:com.pld.Test.FTEByContractCodingExpTest@289d1c02]" name="verifyCPSTest" duration-ms="78" started-at="2019-06-12T15:34:08Z" finished-at="2019-06-12T15:34:08Z">
          <reporter-output>
          </reporter-output>
        </test-method> <!-- verifyCPSTest -->
        <test-method status="PASS" signature="verifyCPRTest()[pri:0, instance:com.pld.Test.FTEByContractCodingExpTest@289d1c02]" name="verifyCPRTest" duration-ms="71" started-at="2019-06-12T15:34:08Z" finished-at="2019-06-12T15:34:09Z">
          <reporter-output>
          </reporter-output>
        </test-method> <!-- verifyCPRTest -->
        <test-method status="PASS" signature="verifyContributionEmployeesTest()[pri:0, instance:com.pld.Test.FTEByContractCodingExpTest@289d1c02]" name="verifyContributionEmployeesTest" duration-ms="78" started-at="2019-06-12T15:34:09Z" finished-at="2019-06-12T15:34:09Z">
          <reporter-output>
          </reporter-output>
        </test-method> <!-- verifyContributionEmployeesTest -->
        <test-method status="PASS" signature="verifyContractOfferingTest()[pri:0, instance:com.pld.Test.FTEByContractCodingExpTest@289d1c02]" name="verifyContractOfferingTest" duration-ms="94" started-at="2019-06-12T15:34:09Z" finished-at="2019-06-12T15:34:09Z">
          <reporter-output>
          </reporter-output>
        </test-method> <!-- verifyContractOfferingTest -->
        <test-method status="PASS" signature="verifyCognitiveProcessTransformationTest()[pri:0, instance:com.pld.Test.FTEByContractCodingExpTest@289d1c02]" name="verifyCognitiveProcessTransformationTest" duration-ms="78" started-at="2019-06-12T15:34:09Z" finished-at="2019-06-12T15:34:09Z">
          <reporter-output>
          </reporter-output>
        </test-method> <!-- verifyCognitiveProcessTransformationTest -->
        <test-method status="PASS" signature="verifyCloudApplicationInnovationTest()[pri:0, instance:com.pld.Test.FTEByContractCodingExpTest@289d1c02]" name="verifyCloudApplicationInnovationTest" duration-ms="79" started-at="2019-06-12T15:34:09Z" finished-at="2019-06-12T15:34:09Z">
          <reporter-output>
          </reporter-output>
        </test-method> <!-- verifyCloudApplicationInnovationTest -->
        <test-method status="PASS" signature="verifyClientnameTest()[pri:0, instance:com.pld.Test.FTEByContractCodingExpTest@289d1c02]" name="verifyClientnameTest" duration-ms="62" started-at="2019-06-12T15:34:09Z" finished-at="2019-06-12T15:34:09Z">
          <reporter-output>
          </reporter-output>
        </test-method> <!-- verifyClientnameTest -->
        <test-method status="PASS" signature="verifyChargeableTest()[pri:0, instance:com.pld.Test.FTEByContractCodingExpTest@289d1c02]" name="verifyChargeableTest" duration-ms="79" started-at="2019-06-12T15:34:09Z" finished-at="2019-06-12T15:34:09Z">
          <reporter-output>
          </reporter-output>
        </test-method> <!-- verifyChargeableTest -->
        <test-method status="PASS" signature="verifyCBDSTest()[pri:0, instance:com.pld.Test.FTEByContractCodingExpTest@289d1c02]" name="verifyCBDSTest" duration-ms="78" started-at="2019-06-12T15:34:09Z" finished-at="2019-06-12T15:34:09Z">
          <reporter-output>
          </reporter-output>
        </test-method> <!-- verifyCBDSTest -->
        <test-method status="PASS" signature="verifyCAMSTest()[pri:0, instance:com.pld.Test.FTEByContractCodingExpTest@289d1c02]" name="verifyCAMSTest" duration-ms="62" started-at="2019-06-12T15:34:09Z" finished-at="2019-06-12T15:34:09Z">
          <reporter-output>
          </reporter-output>
        </test-method> <!-- verifyCAMSTest -->
        <test-method status="PASS" signature="verifyCAMCloudApplicationTest()[pri:0, instance:com.pld.Test.FTEByContractCodingExpTest@289d1c02]" name="verifyCAMCloudApplicationTest" duration-ms="78" started-at="2019-06-12T15:34:09Z" finished-at="2019-06-12T15:34:09Z">
          <reporter-output>
          </reporter-output>
        </test-method> <!-- verifyCAMCloudApplicationTest -->
        <test-method status="PASS" signature="verifyCAITest()[pri:0, instance:com.pld.Test.FTEByContractCodingExpTest@289d1c02]" name="verifyCAITest" duration-ms="78" started-at="2019-06-12T15:34:09Z" finished-at="2019-06-12T15:34:09Z">
          <reporter-output>
          </reporter-output>
        </test-method> <!-- verifyCAITest -->
        <test-method status="PASS" signature="verifybillableTest()[pri:0, instance:com.pld.Test.FTEByContractCodingExpTest@289d1c02]" name="verifybillableTest" duration-ms="79" started-at="2019-06-12T15:34:09Z" finished-at="2019-06-12T15:34:09Z">
          <reporter-output>
          </reporter-output>
        </test-method> <!-- verifybillableTest -->
        <test-method status="PASS" signature="verifyBandTest()[pri:0, instance:com.pld.Test.FTEByContractCodingExpTest@289d1c02]" name="verifyBandTest" duration-ms="78" started-at="2019-06-12T15:34:09Z" finished-at="2019-06-12T15:34:09Z">
          <reporter-output>
          </reporter-output>
        </test-method> <!-- verifyBandTest -->
        <test-method status="PASS" signature="verifyAvailableDateTest()[pri:0, instance:com.pld.Test.FTEByContractCodingExpTest@289d1c02]" name="verifyAvailableDateTest" duration-ms="78" started-at="2019-06-12T15:34:09Z" finished-at="2019-06-12T15:34:10Z">
          <reporter-output>
          </reporter-output>
        </test-method> <!-- verifyAvailableDateTest -->
        <test-method status="PASS" signature="verifyAMICustomeAdmTest()[pri:0, instance:com.pld.Test.FTEByContractCodingExpTest@289d1c02]" name="verifyAMICustomeAdmTest" duration-ms="78" started-at="2019-06-12T15:34:10Z" finished-at="2019-06-12T15:34:10Z">
          <reporter-output>
          </reporter-output>
        </test-method> <!-- verifyAMICustomeAdmTest -->
        <test-method status="PASS" signature="verifyADMITest()[pri:0, instance:com.pld.Test.FTEByContractCodingExpTest@289d1c02]" name="verifyADMITest" duration-ms="78" started-at="2019-06-12T15:34:10Z" finished-at="2019-06-12T15:34:10Z">
          <reporter-output>
          </reporter-output>
        </test-method> <!-- verifyADMITest -->
        <test-method status="PASS" signature="verifyActualHoursTest()[pri:0, instance:com.pld.Test.FTEByContractCodingExpTest@289d1c02]" name="verifyActualHoursTest" duration-ms="78" started-at="2019-06-12T15:34:10Z" finished-at="2019-06-12T15:34:10Z">
          <reporter-output>
          </reporter-output>
        </test-method> <!-- verifyActualHoursTest -->
        <test-method status="PASS" signature="verifyViewByTest()[pri:0, instance:com.pld.Test.FTEByContractCodingExpTest@289d1c02]" name="verifyViewByTest" duration-ms="78" started-at="2019-06-12T15:34:10Z" finished-at="2019-06-12T15:34:10Z">
          <reporter-output>
          </reporter-output>
        </test-method> <!-- verifyViewByTest -->
        <test-method status="PASS" signature="verifyviewTest()[pri:0, instance:com.pld.Test.FTEByContractCodingExpTest@289d1c02]" name="verifyviewTest" duration-ms="65" started-at="2019-06-12T15:34:10Z" finished-at="2019-06-12T15:34:10Z">
          <reporter-output>
          </reporter-output>
        </test-method> <!-- verifyviewTest -->
        <test-method status="PASS" signature="verifyOfferingCodeBreakDownChartTest()[pri:0, instance:com.pld.Test.FTEByContractCodingExpTest@289d1c02]" name="verifyOfferingCodeBreakDownChartTest" duration-ms="63" started-at="2019-06-12T15:34:10Z" finished-at="2019-06-12T15:34:10Z">
          <reporter-output>
          </reporter-output>
        </test-method> <!-- verifyOfferingCodeBreakDownChartTest -->
        <test-method status="PASS" signature="verifyFTEBYContractCodingDoughnutChartTest()[pri:0, instance:com.pld.Test.FTEByContractCodingExpTest@289d1c02]" name="verifyFTEBYContractCodingDoughnutChartTest" duration-ms="62" started-at="2019-06-12T15:34:10Z" finished-at="2019-06-12T15:34:10Z">
          <reporter-output>
          </reporter-output>
        </test-method> <!-- verifyFTEBYContractCodingDoughnutChartTest -->
        <test-method status="PASS" signature="verifyMessageDisplayTest()[pri:0, instance:com.pld.Test.FTEByContractCodingExpTest@289d1c02]" name="verifyMessageDisplayTest" duration-ms="99" started-at="2019-06-12T15:34:10Z" finished-at="2019-06-12T15:34:10Z">
          <reporter-output>
          </reporter-output>
        </test-method> <!-- verifyMessageDisplayTest -->
        <test-method status="PASS" signature="verifyAccountClassificationTest()[pri:0, instance:com.pld.Test.FTEByContractCodingExpTest@289d1c02]" name="verifyAccountClassificationTest" duration-ms="125" started-at="2019-06-12T15:34:10Z" depends-on-methods="com.pld.Test.FTEByContractCodingExpTest.clickOnFTEContractCodingTileTest" finished-at="2019-06-12T15:34:10Z">
          <reporter-output>
          </reporter-output>
        </test-method> <!-- verifyAccountClassificationTest -->
        <test-method status="PASS" signature="clickOnDashBoardTest()[pri:0, instance:com.pld.Test.FTEByContractCodingExpTest@289d1c02]" name="clickOnDashBoardTest" duration-ms="709" started-at="2019-06-12T15:34:10Z" depends-on-methods="com.pld.Test.FTEByContractCodingExpTest.verifyAccountClassificationTest" finished-at="2019-06-12T15:34:11Z">
          <reporter-output>
          </reporter-output>
        </test-method> <!-- clickOnDashBoardTest -->
      </class> <!-- com.pld.Test.FTEByContractCodingExpTest -->
      <class name="com.pld.restassured.dashboard.HiringAPITest">
        <test-method status="PASS" signature="verifyHiringAsOfTest()[pri:0, instance:com.pld.restassured.dashboard.HiringAPITest@51c8530f]" name="verifyHiringAsOfTest" duration-ms="59410" started-at="2019-06-12T16:24:27Z" finished-at="2019-06-12T16:25:26Z">
          <reporter-output>
          </reporter-output>
        </test-method> <!-- verifyHiringAsOfTest -->
        <test-method status="PASS" signature="verifyHiringTableTest()[pri:0, instance:com.pld.restassured.dashboard.HiringAPITest@51c8530f]" name="verifyHiringTableTest" duration-ms="31895" started-at="2019-06-12T16:25:26Z" finished-at="2019-06-12T16:25:58Z">
          <reporter-output>
          </reporter-output>
        </test-method> <!-- verifyHiringTableTest -->
      </class> <!-- com.pld.restassured.dashboard.HiringAPITest -->
      <class name="com.pld.Test.CareerTileTest">
        <test-method status="PASS" signature="setUp()[pri:0, instance:com.pld.Test.CareerTileTest@13eb8acf]" name="setUp" is-config="true" duration-ms="19" started-at="2019-06-12T15:34:57Z" finished-at="2019-06-12T15:34:57Z">
          <reporter-output>
          </reporter-output>
        </test-method> <!-- setUp -->
        <test-method status="PASS" signature="verifyActualTextTest()[pri:0, instance:com.pld.Test.CareerTileTest@13eb8acf]" name="verifyActualTextTest" duration-ms="2314" started-at="2019-06-12T15:34:57Z" finished-at="2019-06-12T15:35:00Z">
          <reporter-output>
          </reporter-output>
        </test-method> <!-- verifyActualTextTest -->
        <test-method status="PASS" signature="verifyAverageTextTest()[pri:0, instance:com.pld.Test.CareerTileTest@13eb8acf]" name="verifyAverageTextTest" duration-ms="1378" started-at="2019-06-12T15:35:00Z" finished-at="2019-06-12T15:35:01Z">
          <reporter-output>
          </reporter-output>
        </test-method> <!-- verifyAverageTextTest -->
        <test-method status="PASS" signature="verifyCareerTest()[pri:0, instance:com.pld.Test.CareerTileTest@13eb8acf]" name="verifyCareerTest" duration-ms="52" started-at="2019-06-12T15:35:01Z" finished-at="2019-06-12T15:35:01Z">
          <reporter-output>
          </reporter-output>
        </test-method> <!-- verifyCareerTest -->
        <test-method status="PASS" signature="verifyGoalTextTest()[pri:0, instance:com.pld.Test.CareerTileTest@13eb8acf]" name="verifyGoalTextTest" duration-ms="55" started-at="2019-06-12T15:35:01Z" finished-at="2019-06-12T15:35:01Z">
          <reporter-output>
          </reporter-output>
        </test-method> <!-- verifyGoalTextTest -->
        <test-method status="PASS" signature="verifyOrganicPlacementTest()[pri:0, instance:com.pld.Test.CareerTileTest@13eb8acf]" name="verifyOrganicPlacementTest" duration-ms="63" started-at="2019-06-12T15:35:01Z" finished-at="2019-06-12T15:35:01Z">
          <reporter-output>
          </reporter-output>
        </test-method> <!-- verifyOrganicPlacementTest -->
        <test-method status="PASS" signature="verifyOutliersTextTest()[pri:0, instance:com.pld.Test.CareerTileTest@13eb8acf]" name="verifyOutliersTextTest" duration-ms="52" started-at="2019-06-12T15:35:01Z" finished-at="2019-06-12T15:35:01Z">
          <reporter-output>
          </reporter-output>
        </test-method> <!-- verifyOutliersTextTest -->
        <test-method status="PASS" signature="verifyPromotionsTest()[pri:0, instance:com.pld.Test.CareerTileTest@13eb8acf]" name="verifyPromotionsTest" duration-ms="60" started-at="2019-06-12T15:35:01Z" finished-at="2019-06-12T15:35:01Z">
          <reporter-output>
          </reporter-output>
        </test-method> <!-- verifyPromotionsTest -->
        <test-method status="PASS" signature="verifyTimeInBandTest()[pri:0, instance:com.pld.Test.CareerTileTest@13eb8acf]" name="verifyTimeInBandTest" duration-ms="55" started-at="2019-06-12T15:35:01Z" finished-at="2019-06-12T15:35:01Z">
          <reporter-output>
          </reporter-output>
        </test-method> <!-- verifyTimeInBandTest -->
        <test-method status="PASS" signature="verifyYTDAsOfTextTest()[pri:0, instance:com.pld.Test.CareerTileTest@13eb8acf]" name="verifyYTDAsOfTextTest" duration-ms="58" started-at="2019-06-12T15:35:01Z" finished-at="2019-06-12T15:35:01Z">
          <reporter-output>
          </reporter-output>
        </test-method> <!-- verifyYTDAsOfTextTest -->
      </class> <!-- com.pld.Test.CareerTileTest -->
      <class name="com.pld.Test.DemandTest">
        <test-method status="PASS" signature="setUp()[pri:0, instance:com.pld.Test.DemandTest@74a10858]" name="setUp" is-config="true" duration-ms="13" started-at="2019-06-12T15:34:11Z" finished-at="2019-06-12T15:34:11Z">
          <reporter-output>
          </reporter-output>
        </test-method> <!-- setUp -->
[...]
          <reporter-output>
          </reporter-output>
        </test-method> <!-- verifyBandPyramidTileTest -->
        <test-method status="PASS" signature="verifyBandTest()[pri:0, instance:com.pld.Test.BandPyramidTest@12c8a2c0]" name="verifyBandTest" duration-ms="164" started-at="2019-06-12T15:34:30Z" finished-at="2019-06-12T15:34:30Z">
          <reporter-output>
          </reporter-output>
        </test-method> <!-- verifyBandTest -->
        <test-method status="PASS" signature="verifyDistribTest()[pri:0, instance:com.pld.Test.BandPyramidTest@12c8a2c0]" name="verifyDistribTest" duration-ms="129" started-at="2019-06-12T15:34:30Z" finished-at="2019-06-12T15:34:30Z">
          <reporter-output>
          </reporter-output>
        </test-method> <!-- verifyDistribTest -->
        <test-method status="PASS" signature="verifyExcludeContractorsTest()[pri:0, instance:com.pld.Test.BandPyramidTest@12c8a2c0]" name="verifyExcludeContractorsTest" duration-ms="97" started-at="2019-06-12T15:34:30Z" finished-at="2019-06-12T15:34:30Z">
          <reporter-output>
          </reporter-output>
        </test-method> <!-- verifyExcludeContractorsTest -->
        <test-method status="PASS" signature="verifyHCTest()[pri:0, instance:com.pld.Test.BandPyramidTest@12c8a2c0]" name="verifyHCTest" duration-ms="168" started-at="2019-06-12T15:34:30Z" finished-at="2019-06-12T15:34:30Z">
          <reporter-output>
          </reporter-output>
        </test-method> <!-- verifyHCTest -->
        <test-method status="PASS" signature="verifyTotalHCTest()[pri:0, instance:com.pld.Test.BandPyramidTest@12c8a2c0]" name="verifyTotalHCTest" duration-ms="114" started-at="2019-06-12T15:34:30Z" finished-at="2019-06-12T15:34:30Z">
          <reporter-output>
          </reporter-output>
        </test-method> <!-- verifyTotalHCTest -->
      </class> <!-- com.pld.Test.BandPyramidTest -->
      <class name="com.pld.restassured.GapSupplyAndDemandAPITest">
        <test-method status="PASS" signature="verifyMonthsColumnheader()[pri:0, instance:com.pld.restassured.GapSupplyAndDemandAPITest@17d0685f]" name="verifyMonthsColumnheader" duration-ms="89274" started-at="2019-06-12T16:39:48Z" finished-at="2019-06-12T16:41:17Z">
          <reporter-output>
          </reporter-output>
        </test-method> <!-- verifyMonthsColumnheader -->
        <test-method status="PASS" signature="verifyMonthsColumnheader2()[pri:0, instance:com.pld.restassured.GapSupplyAndDemandAPITest@17d0685f]" name="verifyMonthsColumnheader2" duration-ms="29652" started-at="2019-06-12T16:41:17Z" finished-at="2019-06-12T16:41:47Z">
          <reporter-output>
          </reporter-output>
        </test-method> <!-- verifyMonthsColumnheader2 -->
        <test-method status="PASS" signature="verifySupplyAndDemand()[pri:0, instance:com.pld.restassured.GapSupplyAndDemandAPITest@17d0685f]" name="verifySupplyAndDemand" duration-ms="51005" started-at="2019-06-12T16:41:47Z" finished-at="2019-06-12T16:42:38Z">
          <reporter-output>
          </reporter-output>
        </test-method> <!-- verifySupplyAndDemand -->
        <test-method status="PASS" signature="verifyTopExcesses()[pri:0, instance:com.pld.restassured.GapSupplyAndDemandAPITest@17d0685f]" name="verifyTopExcesses" duration-ms="64074" started-at="2019-06-12T16:42:38Z" finished-at="2019-06-12T16:43:42Z">
          <reporter-output>
          </reporter-output>
        </test-method> <!-- verifyTopExcesses -->
        <test-method status="PASS" signature="verifyTopShortageTable()[pri:0, instance:com.pld.restassured.GapSupplyAndDemandAPITest@17d0685f]" name="verifyTopShortageTable" duration-ms="40579" started-at="2019-06-12T16:43:42Z" finished-at="2019-06-12T16:44:22Z">
          <reporter-output>
          </reporter-output>
        </test-method> <!-- verifyTopShortageTable -->
      </class> <!-- com.pld.restassured.GapSupplyAndDemandAPITest -->
      <class name="com.pld.Test.VerifyUtilizationTest">
        <test-method status="PASS" signature="setUp()[pri:0, instance:com.pld.Test.VerifyUtilizationTest@1060b431]" name="setUp" is-config="true" duration-ms="16" started-at="2019-06-12T15:31:59Z" finished-at="2019-06-12T15:31:59Z">
          <reporter-output>
          </reporter-output>
        </test-method> <!-- setUp -->
        <test-method status="PASS" signature="verifyUtiltile()[pri:0, instance:com.pld.Test.VerifyUtilizationTest@1060b431]" name="verifyUtiltile" duration-ms="64738" started-at="2019-06-12T15:31:59Z" finished-at="2019-06-12T15:33:04Z">
          <reporter-output>
          </reporter-output>
        </test-method> <!-- verifyUtiltile -->
        <test-method status="PASS" signature="verifyActText()[pri:0, instance:com.pld.Test.VerifyUtilizationTest@1060b431]" name="verifyActText" duration-ms="486" started-at="2019-06-12T15:33:04Z" finished-at="2019-06-12T15:33:04Z">
          <reporter-output>
          </reporter-output>
        </test-method> <!-- verifyActText -->
        <test-method status="PASS" signature="verifyTargettext()[pri:0, instance:com.pld.Test.VerifyUtilizationTest@1060b431]" name="verifyTargettext" duration-ms="110" started-at="2019-06-12T15:33:04Z" finished-at="2019-06-12T15:33:05Z">
          <reporter-output>
          </reporter-output>
        </test-method> <!-- verifyTargettext -->
        <test-method status="PASS" signature="verifyYTYtext()[pri:0, instance:com.pld.Test.VerifyUtilizationTest@1060b431]" name="verifyYTYtext" duration-ms="140" started-at="2019-06-12T15:33:05Z" finished-at="2019-06-12T15:33:05Z">
          <reporter-output>
          </reporter-output>
        </test-method> <!-- verifyYTYtext -->
        <test-method status="PASS" signature="verifyPrioritytext()[pri:0, instance:com.pld.Test.VerifyUtilizationTest@1060b431]" name="verifyPrioritytext" duration-ms="96" started-at="2019-06-12T15:33:05Z" finished-at="2019-06-12T15:33:05Z">
          <reporter-output>
          </reporter-output>
        </test-method> <!-- verifyPrioritytext -->
        <test-method status="PASS" signature="verifyBillabletext()[pri:0, instance:com.pld.Test.VerifyUtilizationTest@1060b431]" name="verifyBillabletext" duration-ms="94" started-at="2019-06-12T15:33:05Z" finished-at="2019-06-12T15:33:05Z">
          <reporter-output>
          </reporter-output>
        </test-method> <!-- verifyBillabletext -->
        <test-method status="PASS" signature="verifyChargetext()[pri:0, instance:com.pld.Test.VerifyUtilizationTest@1060b431]" name="verifyChargetext" duration-ms="109" started-at="2019-06-12T15:33:05Z" finished-at="2019-06-12T15:33:05Z">
          <reporter-output>
          </reporter-output>
        </test-method> <!-- verifyChargetext -->
        <test-method status="PASS" signature="verifyTargetUtilizationTest()[pri:0, instance:com.pld.Test.VerifyUtilizationTest@1060b431]" name="verifyTargetUtilizationTest" duration-ms="99" started-at="2019-06-12T15:33:05Z" finished-at="2019-06-12T15:33:05Z">
          <reporter-output>
          </reporter-output>
        </test-method> <!-- verifyTargetUtilizationTest -->
        <test-method status="PASS" signature="verifyUtilBarGraph()[pri:0, instance:com.pld.Test.VerifyUtilizationTest@1060b431]" name="verifyUtilBarGraph" duration-ms="94" started-at="2019-06-12T15:33:05Z" finished-at="2019-06-12T15:33:05Z">
          <reporter-output>
          </reporter-output>
        </test-method> <!-- verifyUtilBarGraph -->
      </class> <!-- com.pld.Test.VerifyUtilizationTest -->
      <class name="com.pld.Test.GapTileExpTest">
        <test-method status="PASS" signature="setUp()[pri:0, instance:com.pld.Test.GapTileExpTest@75881071]" name="setUp" is-config="true" duration-ms="10" started-at="2019-06-12T15:35:32Z" finished-at="2019-06-12T15:35:32Z">
          <reporter-output>
          </reporter-output>
        </test-method> <!-- setUp -->
        <test-method status="PASS" signature="clickOnGapTileTest()[pri:0, instance:com.pld.Test.GapTileExpTest@75881071]" name="clickOnGapTileTest" duration-ms="477" started-at="2019-06-12T15:35:32Z" finished-at="2019-06-12T15:35:32Z">
          <reporter-output>
          </reporter-output>
        </test-method> <!-- clickOnGapTileTest -->
        <test-method status="PASS" signature="verifyGapTrendTest()[pri:0, instance:com.pld.Test.GapTileExpTest@75881071]" name="verifyGapTrendTest" duration-ms="62" started-at="2019-06-12T15:35:32Z" finished-at="2019-06-12T15:35:32Z">
          <reporter-output>
          </reporter-output>
        </test-method> <!-- verifyGapTrendTest -->
        <test-method status="PASS" signature="verifyTopShortages_TOTHCTest()[pri:0, instance:com.pld.Test.GapTileExpTest@75881071]" name="verifyTopShortages_TOTHCTest" duration-ms="1529" started-at="2019-06-12T15:35:32Z" finished-at="2019-06-12T15:35:34Z">
          <reporter-output>
          </reporter-output>
        </test-method> <!-- verifyTopShortages_TOTHCTest -->
        <test-method status="PASS" signature="verifyTopShortages_ViewTest()[pri:0, instance:com.pld.Test.GapTileExpTest@75881071]" name="verifyTopShortages_ViewTest" duration-ms="78" started-at="2019-06-12T15:35:34Z" finished-at="2019-06-12T15:35:34Z">
          <reporter-output>
          </reporter-output>
        </test-method> <!-- verifyTopShortages_ViewTest -->
        <test-method status="PASS" signature="verifyTopShortages_SubkHCTest()[pri:0, instance:com.pld.Test.GapTileExpTest@75881071]" name="verifyTopShortages_SubkHCTest" duration-ms="78" started-at="2019-06-12T15:35:34Z" finished-at="2019-06-12T15:35:34Z">
          <reporter-output>
          </reporter-output>
        </test-method> <!-- verifyTopShortages_SubkHCTest -->
        <test-method status="PASS" signature="verifyTopShortages_CurrentGapTest()[pri:0, instance:com.pld.Test.GapTileExpTest@75881071]" name="verifyTopShortages_CurrentGapTest" duration-ms="86" started-at="2019-06-12T15:35:34Z" finished-at="2019-06-12T15:35:34Z">
          <reporter-output>
          </reporter-output>
        </test-method> <!-- verifyTopShortages_CurrentGapTest -->
        <test-method status="PASS" signature="verifyTopShortagesTest()[pri:0, instance:com.pld.Test.GapTileExpTest@75881071]" name="verifyTopShortagesTest" duration-ms="93" started-at="2019-06-12T15:35:34Z" finished-at="2019-06-12T15:35:34Z">
          <reporter-output>
          </reporter-output>
        </test-method> <!-- verifyTopShortagesTest -->
        <test-method status="PASS" signature="verifyTopExcesses_TOTHCTest()[pri:0, instance:com.pld.Test.GapTileExpTest@75881071]" name="verifyTopExcesses_TOTHCTest" duration-ms="481" started-at="2019-06-12T15:35:34Z" finished-at="2019-06-12T15:35:34Z">
          <reporter-output>
          </reporter-output>
        </test-method> <!-- verifyTopExcesses_TOTHCTest -->
        <test-method status="PASS" signature="verifyTopExcesses_SubkHCTest()[pri:0, instance:com.pld.Test.GapTileExpTest@75881071]" name="verifyTopExcesses_SubkHCTest" duration-ms="63" started-at="2019-06-12T15:35:34Z" finished-at="2019-06-12T15:35:35Z">
          <reporter-output>
          </reporter-output>
        </test-method> <!-- verifyTopExcesses_SubkHCTest -->
        <test-method status="PASS" signature="verifyTopExcesses_CurrentGApTest()[pri:0, instance:com.pld.Test.GapTileExpTest@75881071]" name="verifyTopExcesses_CurrentGApTest" duration-ms="66" started-at="2019-06-12T15:35:35Z" finished-at="2019-06-12T15:35:35Z">
          <reporter-output>
          </reporter-output>
        </test-method> <!-- verifyTopExcesses_CurrentGApTest -->
        <test-method status="PASS" signature="verifyTopExcess_viewTest()[pri:0, instance:com.pld.Test.GapTileExpTest@75881071]" name="verifyTopExcess_viewTest" duration-ms="62" started-at="2019-06-12T15:35:35Z" finished-at="2019-06-12T15:35:35Z">
          <reporter-output>
          </reporter-output>
        </test-method> <!-- verifyTopExcess_viewTest -->
        <test-method status="PASS" signature="verifyTopExcessTest()[pri:0, instance:com.pld.Test.GapTileExpTest@75881071]" name="verifyTopExcessTest" duration-ms="63" started-at="2019-06-12T15:35:35Z" finished-at="2019-06-12T15:35:35Z">
          <reporter-output>
          </reporter-output>
        </test-method> <!-- verifyTopExcessTest -->
        <test-method status="PASS" signature="verifySupplyAndDemandTest()[pri:0, instance:com.pld.Test.GapTileExpTest@75881071]" name="verifySupplyAndDemandTest" duration-ms="62" started-at="2019-06-12T15:35:35Z" finished-at="2019-06-12T15:35:35Z">
          <reporter-output>
          </reporter-output>
        </test-method> <!-- verifySupplyAndDemandTest -->
        <test-method status="PASS" signature="verifySupply_TotalTest()[pri:0, instance:com.pld.Test.GapTileExpTest@75881071]" name="verifySupply_TotalTest" duration-ms="63" started-at="2019-06-12T15:35:35Z" finished-at="2019-06-12T15:35:35Z">
          <reporter-output>
          </reporter-output>
        </test-method> <!-- verifySupply_TotalTest -->
        <test-method status="PASS" signature="verifyRollOffsAndbenchTest()[pri:0, instance:com.pld.Test.GapTileExpTest@75881071]" name="verifyRollOffsAndbenchTest" duration-ms="62" started-at="2019-06-12T15:35:35Z" finished-at="2019-06-12T15:35:35Z">
          <reporter-output>
          </reporter-output>
        </test-method> <!-- verifyRollOffsAndbenchTest -->
        <test-method status="PASS" signature="verifyOtherTest()[pri:0, instance:com.pld.Test.GapTileExpTest@75881071]" name="verifyOtherTest" duration-ms="63" started-at="2019-06-12T15:35:35Z" finished-at="2019-06-12T15:35:35Z">
          <reporter-output>
          </reporter-output>
        </test-method> <!-- verifyOtherTest -->
        <test-method status="PASS" signature="verifyOppyTest()[pri:0, instance:com.pld.Test.GapTileExpTest@75881071]" name="verifyOppyTest" duration-ms="62" started-at="2019-06-12T15:35:35Z" finished-at="2019-06-12T15:35:35Z">
          <reporter-output>
          </reporter-output>
        </test-method> <!-- verifyOppyTest -->
        <test-method status="PASS" signature="verifyMonthTest()[pri:0, instance:com.pld.Test.GapTileExpTest@75881071]" name="verifyMonthTest" duration-ms="63" started-at="2019-06-12T15:35:35Z" finished-at="2019-06-12T15:35:35Z">
          <reporter-output>
          </reporter-output>
        </test-method> <!-- verifyMonthTest -->
        <test-method status="PASS" signature="verifyDepartTest()[pri:0, instance:com.pld.Test.GapTileExpTest@75881071]" name="verifyDepartTest" duration-ms="62" started-at="2019-06-12T15:35:35Z" finished-at="2019-06-12T15:35:35Z">
          <reporter-output>
          </reporter-output>
        </test-method> <!-- verifyDepartTest -->
        <test-method status="PASS" signature="verifyDemandOpenPositionsTest()[pri:0, instance:com.pld.Test.GapTileExpTest@75881071]" name="verifyDemandOpenPositionsTest" duration-ms="63" started-at="2019-06-12T15:35:35Z" finished-at="2019-06-12T15:35:35Z">
          <reporter-output>
          </reporter-output>
        </test-method> <!-- verifyDemandOpenPositionsTest -->
        <test-method status="PASS" signature="verifyDemand_TotalTest()[pri:0, instance:com.pld.Test.GapTileExpTest@75881071]" name="verifyDemand_TotalTest" duration-ms="62" started-at="2019-06-12T15:35:35Z" finished-at="2019-06-12T15:35:35Z">
          <reporter-output>
          </reporter-output>
        </test-method> <!-- verifyDemand_TotalTest -->
        <test-method status="PASS" signature="verifyComtdTest()[pri:0, instance:com.pld.Test.GapTileExpTest@75881071]" name="verifyComtdTest" duration-ms="63" started-at="2019-06-12T15:35:35Z" finished-at="2019-06-12T15:35:35Z">
          <reporter-output>
          </reporter-output>
        </test-method> <!-- verifyComtdTest -->
        <test-method status="PASS" signature="verifyAvailableSupplyTest()[pri:0, instance:com.pld.Test.GapTileExpTest@75881071]" name="verifyAvailableSupplyTest" duration-ms="62" started-at="2019-06-12T15:35:35Z" finished-at="2019-06-12T15:35:35Z">
          <reporter-output>
          </reporter-output>
        </test-method> <!-- verifyAvailableSupplyTest -->
        <test-method status="PASS" signature="verifyANOBsTest()[pri:0, instance:com.pld.Test.GapTileExpTest@75881071]" name="verifyANOBsTest" duration-ms="63" started-at="2019-06-12T15:35:35Z" finished-at="2019-06-12T15:35:35Z">
          <reporter-output>
          </reporter-output>
        </test-method> <!-- verifyANOBsTest -->
        <test-method status="PASS" signature="clickondashboard()[pri:0, instance:com.pld.Test.GapTileExpTest@75881071]" name="clickondashboard" duration-ms="372" started-at="2019-06-12T15:35:35Z" finished-at="2019-06-12T15:35:36Z">
          <reporter-output>
          </reporter-output>
        </test-method> <!-- clickondashboard -->
      </class> <!-- com.pld.Test.GapTileExpTest -->
      <class name="com.pld.Test.FTEbyContractCoadingTest">
        <test-method status="PASS" signature="setUp()[pri:0, instance:com.pld.Test.FTEbyContractCoadingTest@a74868d]" name="setUp" is-config="true" duration-ms="16" started-at="2019-06-12T15:33:44Z" finished-at="2019-06-12T15:33:44Z">
          <reporter-output>
          </reporter-output>
        </test-method> <!-- setUp -->
        <test-method status="PASS" signature="verifyADMITest()[pri:0, instance:com.pld.Test.FTEbyContractCoadingTest@a74868d]" name="verifyADMITest" duration-ms="2409" started-at="2019-06-12T15:33:44Z" finished-at="2019-06-12T15:33:47Z">
          <reporter-output>
          </reporter-output>
        </test-method> <!-- verifyADMITest -->
        <test-method status="PASS" signature="verifyCAITest()[pri:0, instance:com.pld.Test.FTEbyContractCoadingTest@a74868d]" name="verifyCAITest" duration-ms="104" started-at="2019-06-12T15:33:47Z" finished-at="2019-06-12T15:33:47Z">
          <reporter-output>
          </reporter-output>
        </test-method> <!-- verifyCAITest -->
        <test-method status="PASS" signature="verifyCAMSTest()[pri:0, instance:com.pld.Test.FTEbyContractCoadingTest@a74868d]" name="verifyCAMSTest" duration-ms="135" started-at="2019-06-12T15:33:47Z" finished-at="2019-06-12T15:33:47Z">
          <reporter-output>
          </reporter-output>
        </test-method> <!-- verifyCAMSTest -->
        <test-method status="PASS" signature="verifyCPTTest()[pri:0, instance:com.pld.Test.FTEbyContractCoadingTest@a74868d]" name="verifyCPTTest" duration-ms="130" started-at="2019-06-12T15:33:47Z" finished-at="2019-06-12T15:33:47Z">
          <reporter-output>
          </reporter-output>
        </test-method> <!-- verifyCPTTest -->
        <test-method status="PASS" signature="verifyDSandiXTest()[pri:0, instance:com.pld.Test.FTEbyContractCoadingTest@a74868d]" name="verifyDSandiXTest" duration-ms="105" started-at="2019-06-12T15:33:47Z" finished-at="2019-06-12T15:33:47Z">
          <reporter-output>
          </reporter-output>
        </test-method> <!-- verifyDSandiXTest -->
        <test-method status="PASS" signature="verifyFTEByContractCodingDoughnutChartTest()[pri:0, instance:com.pld.Test.FTEbyContractCoadingTest@a74868d]" name="verifyFTEByContractCodingDoughnutChartTest" duration-ms="141" started-at="2019-06-12T15:33:47Z" finished-at="2019-06-12T15:33:47Z">
          <reporter-output>
          </reporter-output>
        </test-method> <!-- verifyFTEByContractCodingDoughnutChartTest -->
        <test-method status="PASS" signature="verifyFTETileTest()[pri:0, instance:com.pld.Test.FTEbyContractCoadingTest@a74868d]" name="verifyFTETileTest" duration-ms="73" started-at="2019-06-12T15:33:47Z" finished-at="2019-06-12T15:33:47Z">
          <reporter-output>
          </reporter-output>
        </test-method> <!-- verifyFTETileTest -->
      </class> <!-- com.pld.Test.FTEbyContractCoadingTest -->
    </test> <!-- Practice Leader DashBoard -->
  </suite> <!-- PLD Suite -->
</testng-results>
