<?xml version="1.0" encoding="UTF-8"?>
<!-- Generated by org.testng.reporters.JUnitXMLReporter -->
<testsuite hostname="shbudipa" name="Practice Leader DashBoard Expansion RestAssured" tests="40" failures="0" timestamp="20 Mar 2019 09:28:16 GMT" time="180.657" errors="0">
  <testcase name="verifyBandPyramidAPI" time="2.073" classname="com.pld.restassured.BandPyramidAPI"/>
  <testcase name="verifyColumnByFilter" time="0.515" classname="com.pld.restassured.BandPyramidAPI"/>
  <testcase name="verifyEmployeesTable" time="0.902" classname="com.pld.restassured.BandPyramidAPI"/>
  <testcase name="verifyRowByFilter" time="0.782" classname="com.pld.restassured.BandPyramidAPI"/>
  <testcase name="verifyBenchAgeByCategory" time="0.769" classname="com.pld.restassured.BenchAgeByCatrgory"/>
  <testcase name="verifyBenchByAgedata" time="0.659" classname="com.pld.restassured.BenchAgeByCatrgory"/>
  <testcase name="verifyBenchEmployeeRollOff" time="1.454" classname="com.pld.restassured.BenchAgeByCatrgory"/>
  <testcase name="verifyBenchHCbyWeekdata" time="3.143" classname="com.pld.restassured.BenchAgeByCatrgory"/>
  <testcase name="verifyBenchTableFilters" time="0.767" classname="com.pld.restassured.BenchAgeByCatrgory"/>
  <testcase name="verifyDemandClientAndSkill" time="0.684" classname="com.pld.restassured.DemandClientAndSkill"/>
  <testcase name="verifyDemandClientAndSkillColor" time="0.625" classname="com.pld.restassured.DemandClientAndSkill"/>
  <testcase name="verifyDemandOpenPositiondata" time="0.632" classname="com.pld.restassured.DemandClientAndSkill"/>
  <testcase name="verifyOpenPositionChartdata" time="5.171" classname="com.pld.restassured.DemandClientAndSkill"/>
  <testcase name="verifyOpenPositiontable" time="1.094" classname="com.pld.restassured.DemandClientAndSkill"/>
  <testcase name="verifyAddsAndLossesChart" time="1.26" classname="com.pld.restassured.CareerAPI"/>
  <testcase name="verifyAverageTimeinBand" time="1.235" classname="com.pld.restassured.CareerAPI"/>
  <testcase name="verifyMonthlyTrendChart" time="67.307" classname="com.pld.restassured.CareerAPI"/>
  <testcase name="verifyDemandCoverageDetailsAPI" time="1.939" classname="com.pld.restassured.DemandCoverageAPI"/>
  <testcase name="verifyDemandCoverageExpAsOf" time="0.582" classname="com.pld.restassured.DemandCoverageAPI"/>
  <testcase name="verifyOpportunityDetailsASOfAPI" time="0.531" classname="com.pld.restassured.DemandCoverageAPI"/>
  <testcase name="verifyOpportunityDetailsViewdropdown" time="0.515" classname="com.pld.restassured.DemandCoverageAPI"/>
  <testcase name="verifyOpportunityDetailstableAPI" time="5.508" classname="com.pld.restassured.DemandCoverageAPI"/>
  <testcase name="verifyMonthsColumnheader" time="0.628" classname="com.pld.restassured.GapSupplyAndDemandAPI"/>
  <testcase name="verifyMonthsColumnheader2" time="0.672" classname="com.pld.restassured.GapSupplyAndDemandAPI"/>
  <testcase name="verifySupplyAndDemand" time="0.845" classname="com.pld.restassured.GapSupplyAndDemandAPI"/>
  <testcase name="verifyTopExcesses" time="1.315" classname="com.pld.restassured.GapSupplyAndDemandAPI"/>
  <testcase name="verifyTopShortageTable" time="0.964" classname="com.pld.restassured.GapSupplyAndDemandAPI"/>
  <testcase name="verifyKeyStaticsTable" time="0.73" classname="com.pld.restassured.HiringAPI"/>
  <testcase name="verifyRecentJoiners" time="3.002" classname="com.pld.restassured.HiringAPI"/>
  <testcase name="verifyPrescribedCoreCapabilitylearning" time="36.994" classname="com.pld.restassured.LearningTrainingDetailsYTDTableAPI"/>
  <testcase name="verifyStudentYTD" time="1.111" classname="com.pld.restassured.LearningTrainingDetailsYTDTableAPI"/>
  <testcase name="verifyTrainingDetailsYTDTable" time="3.74" classname="com.pld.restassured.LearningTrainingDetailsYTDTableAPI"/>
  <testcase name="getDropDownValues" time="0.932" classname="com.pld.restassured.QtrEndProjValues"/>
  <testcase name="getQtrEndProjValue" time="7.015" classname="com.pld.restassured.QtrEndProjValues"/>
  <testcase name="verifyWeeklyUtilizationbarChart" time="1.656" classname="com.pld.restassured.QtrEndProjValues"/>
  <testcase name="verifyTotalheadCount" time="18.631" classname="com.pld.restassured.UtilLadDistByBand"/>
  <testcase name="verifyTotalheadcount" time="1.163" classname="com.pld.restassured.UtilLadDistByBand"/>
  <testcase name="verifyUtilizationEmployees" time="1.311" classname="com.pld.restassured.UtilLadDistByBand"/>
  <testcase name="verifyUtilladDistByBand" time="0.879" classname="com.pld.restassured.UtilLadDistByBand"/>
  <testcase name="verifyUtiltableFilters" time="0.813" classname="com.pld.restassured.UtilLadDistByBand"/>
</testsuite> <!-- Practice Leader DashBoard Expansion RestAssured -->
