<?xml version="1.0" encoding="UTF-8"?>
<!-- Generated by org.testng.reporters.JUnitXMLReporter -->
<testsuite hostname="shbudipa" name="Default test(failed)" tests="4" failures="4" timestamp="28 Feb 2019 09:16:04 GMT" time="0.205" errors="0">
  <testcase name="verifyChargeableHCTest" time="0.014" classname="com.pld.Test.UtilizationLadderTest">
    <failure type="java.lang.NullPointerException">
      <![CDATA[java.lang.NullPointerException
	at org.openqa.selenium.support.pagefactory.DefaultElementLocator.findElement(DefaultElementLocator.java:69)
	at org.openqa.selenium.support.pagefactory.internal.LocatingElementHandler.invoke(LocatingElementHandler.java:38)
	at com.sun.proxy.$Proxy8.isDisplayed(Unknown Source)
	at com.pld.Pages.UtilizationLadder.verifyChargeableHCText(UtilizationLadder.java:36)
	at com.pld.Test.UtilizationLadderTest.verifyChargeableHCTest(UtilizationLadderTest.java:54)
... Removed 24 stack frames]]>
    </failure>
  </testcase> <!-- verifyChargeableHCTest -->
  <testcase name="verifyQTDAsOfTest" time="0.003" classname="com.pld.Test.UtilizationLadderTest">
    <failure type="java.lang.NullPointerException">
      <![CDATA[java.lang.NullPointerException
	at org.openqa.selenium.support.pagefactory.DefaultElementLocator.findElement(DefaultElementLocator.java:69)
	at org.openqa.selenium.support.pagefactory.internal.LocatingElementHandler.invoke(LocatingElementHandler.java:38)
	at com.sun.proxy.$Proxy8.isDisplayed(Unknown Source)
	at com.pld.Pages.UtilizationLadder.verifyQTDasofText(UtilizationLadder.java:45)
	at com.pld.Test.UtilizationLadderTest.verifyQTDAsOfTest(UtilizationLadderTest.java:65)
... Removed 24 stack frames]]>
    </failure>
  </testcase> <!-- verifyQTDAsOfTest -->
  <testcase name="verifyUtilLadTest" time="0.003" classname="com.pld.Test.UtilizationLadderTest">
    <failure type="java.lang.NullPointerException">
      <![CDATA[java.lang.NullPointerException
	at org.openqa.selenium.support.pagefactory.DefaultElementLocator.findElement(DefaultElementLocator.java:69)
	at org.openqa.selenium.support.pagefactory.internal.LocatingElementHandler.invoke(LocatingElementHandler.java:38)
	at com.sun.proxy.$Proxy8.isDisplayed(Unknown Source)
	at com.pld.Pages.UtilizationLadder.verifyUtilLadTile(UtilizationLadder.java:32)
	at com.pld.Test.UtilizationLadderTest.verifyUtilLadTest(UtilizationLadderTest.java:49)
... Removed 24 stack frames]]>
    </failure>
  </testcase> <!-- verifyUtilLadTest -->
  <testcase name="verifyAbove100Percent" time="0.002" classname="com.pld.Test.UtilizationLadderTest">
    <failure type="java.lang.NullPointerException">
      <![CDATA[java.lang.NullPointerException
	at org.openqa.selenium.support.pagefactory.DefaultElementLocator.findElement(DefaultElementLocator.java:69)
	at org.openqa.selenium.support.pagefactory.internal.LocatingElementHandler.invoke(LocatingElementHandler.java:38)
	at com.sun.proxy.$Proxy8.isDisplayed(Unknown Source)
	at com.pld.Pages.UtilizationLadder.verifyAbove100PercentText(UtilizationLadder.java:41)
	at com.pld.Test.UtilizationLadderTest.verifyAbove100Percent(UtilizationLadderTest.java:59)
... Removed 24 stack frames]]>
    </failure>
  </testcase> <!-- verifyAbove100Percent -->
</testsuite> <!-- Default test(failed) -->
