<?xml version="1.0" encoding="UTF-8"?>
<!-- Generated by org.testng.reporters.JUnitXMLReporter -->
<testsuite hostname="shbudipa" name="Practice Leader DashBoard" tests="505" failures="5" timestamp="12 Jun 2019 11:29:34 GMT" time="5254.537" errors="0">
  <testcase name="verifyUtiltile" time="64.738" classname="com.pld.Test.VerifyUtilizationTest"/>
  <testcase name="verifyActText" time="0.486" classname="com.pld.Test.VerifyUtilizationTest"/>
  <testcase name="verifyTargettext" time="0.11" classname="com.pld.Test.VerifyUtilizationTest"/>
  <testcase name="verifyYTYtext" time="0.14" classname="com.pld.Test.VerifyUtilizationTest"/>
  <testcase name="verifyPrioritytext" time="0.096" classname="com.pld.Test.VerifyUtilizationTest"/>
  <testcase name="verifyBillabletext" time="0.094" classname="com.pld.Test.VerifyUtilizationTest"/>
  <testcase name="verifyChargetext" time="0.109" classname="com.pld.Test.VerifyUtilizationTest"/>
  <testcase name="verifyTargetUtilizationTest" time="0.099" classname="com.pld.Test.VerifyUtilizationTest"/>
  <testcase name="verifyUtilBarGraph" time="0.094" classname="com.pld.Test.VerifyUtilizationTest"/>
  <testcase name="verifyClickOnUtilizationTile" time="0.313" classname="com.pld.Test.UtilizationExpansionTest"/>
  <testcase name="verifyWeekUtilizationActualsOrProjectionsTest" time="7.181" classname="com.pld.Test.UtilizationExpansionTest"/>
  <testcase name="verifyChargeableDropDown" time="1.162" classname="com.pld.Test.UtilizationExpansionTest"/>
  <testcase name="verifyChargeableProjectionsTest" time="0.063" classname="com.pld.Test.UtilizationExpansionTest"/>
  <testcase name="verifyChargeableActuals" time="0.062" classname="com.pld.Test.UtilizationExpansionTest"/>
  <testcase name="verifyQtrEndProjectionTest" time="0.503" classname="com.pld.Test.UtilizationExpansionTest"/>
  <testcase name="verifyTargetPtsTest" time="0.094" classname="com.pld.Test.UtilizationExpansionTest"/>
  <testcase name="verifyYTYTest" time="0.094" classname="com.pld.Test.UtilizationExpansionTest"/>
  <testcase name="verifyViewTest" time="0.094" classname="com.pld.Test.UtilizationExpansionTest"/>
  <testcase name="verifyTargetTest" time="0.093" classname="com.pld.Test.UtilizationExpansionTest"/>
  <testcase name="verifyLegendLableTargetTest" time="0.079" classname="com.pld.Test.UtilizationExpansionTest"/>
  <testcase name="verifyLegendLablePrevYearTest" time="0.062" classname="com.pld.Test.UtilizationExpansionTest"/>
  <testcase name="verifyWeeklyUtilizationChartTest" time="0.094" classname="com.pld.Test.UtilizationExpansionTest"/>
  <testcase name="verifyQtrEndProjDoughnutChartTest" time="0.093" classname="com.pld.Test.UtilizationExpansionTest"/>
  <testcase name="clickonutilExp" time="0.442" classname="com.pld.Test.UtilizationExpansionTest"/>
  <testcase name="verifyBenchTileTest" time="0.455" classname="com.pld.Test.BenchTileTest"/>
  <testcase name="verifyGetSkillTest" time="0.889" classname="com.pld.Test.BenchTileTest"/>
  <testcase name="verifySkillsInShortageTest" time="0.126" classname="com.pld.Test.BenchTileTest"/>
  <testcase name="verifyMTMTest" time="0.167" classname="com.pld.Test.BenchTileTest"/>
  <testcase name="verifyHCTest" time="0.142" classname="com.pld.Test.BenchTileTest"/>
  <testcase name="verifyCriticalSkillWithExcessTest" time="0.135" classname="com.pld.Test.BenchTileTest"/>
  <testcase name="verifyBenchMixTest" time="0.123" classname="com.pld.Test.BenchTileTest"/>
  <testcase name="verifyBenchByDateTest" time="0.107" classname="com.pld.Test.BenchTileTest"/>
  <testcase name="verifyAsOfTest" time="0.174" classname="com.pld.Test.BenchTileTest"/>
  <testcase name="verifyAgedBenchTest" time="0.247" classname="com.pld.Test.BenchTileTest"/>
  <testcase name="verifyWeekRoll_OffsTest" time="0.174" classname="com.pld.Test.BenchTileTest"/>
  <testcase name="verifyPercentOfTotTest" time="0.17" classname="com.pld.Test.BenchTileTest"/>
  <testcase name="verifyBenchDoughnutChartTest" time="0.076" classname="com.pld.Test.BenchTileTest"/>
  <testcase name="clickOnBenchTile" time="0.496" classname="com.pld.Test.BenchTileExpansionTest"/>
  <testcase name="verifyBenchAndRolloffsByWeekTest" time="0.118" classname="com.pld.Test.BenchTileExpansionTest"/>
  <testcase name="verifyAAIDTest" time="7.411" classname="com.pld.Test.BenchTileExpansionTest"/>
  <testcase name="verifyAgedbenchHCTest" time="0.062" classname="com.pld.Test.BenchTileExpansionTest"/>
  <testcase name="verifyAvailDateTest" time="0.078" classname="com.pld.Test.BenchTileExpansionTest"/>
  <testcase name="verifyAwayTest" time="0.11" classname="com.pld.Test.BenchTileExpansionTest"/>
  <testcase name="verifyBandTextTest" time="0.218" classname="com.pld.Test.BenchTileExpansionTest"/>
  <testcase name="verifyBenchAgeTest" time="0.078" classname="com.pld.Test.BenchTileExpansionTest"/>
  <testcase name="verifyBenchByAgeTest" time="0.104" classname="com.pld.Test.BenchTileExpansionTest"/>
  <testcase name="verifyBenchByDateAndRollOffEmployeesTest" time="0.234" classname="com.pld.Test.BenchTileExpansionTest"/>
  <testcase name="verifyCriticalSkillsWithExcessTest" time="0.111" classname="com.pld.Test.BenchTileExpansionTest"/>
  <testcase name="verifyElevenToThirtyDaysTest" time="0.078" classname="com.pld.Test.BenchTileExpansionTest"/>
  <testcase name="verifyHoursFCTest" time="0.081" classname="com.pld.Test.BenchTileExpansionTest"/>
  <testcase name="verifyIndustryTest" time="0.078" classname="com.pld.Test.BenchTileExpansionTest"/>
  <testcase name="verifyInPlayTextTest" time="0.078" classname="com.pld.Test.BenchTileExpansionTest"/>
  <testcase name="verifyJRSSTest" time="0.079" classname="com.pld.Test.BenchTileExpansionTest"/>
  <testcase name="verifyLocationTest" time="0.078" classname="com.pld.Test.BenchTileExpansionTest"/>
  <testcase name="verifyMCTest" time="0.078" classname="com.pld.Test.BenchTileExpansionTest"/>
  <testcase name="verifyNameTextTest" time="0.078" classname="com.pld.Test.BenchTileExpansionTest"/>
  <testcase name="verifyPriorAssignmentTest" time="0.062" classname="com.pld.Test.BenchTileExpansionTest"/>
  <testcase name="verifyQTDCUTest" time="0.063" classname="com.pld.Test.BenchTileExpansionTest"/>
  <testcase name="verifyQTDPUTest" time="0.085" classname="com.pld.Test.BenchTileExpansionTest"/>
  <testcase name="verifySixtyPlusDaysTest" time="0.062" classname="com.pld.Test.BenchTileExpansionTest"/>
  <testcase name="verifyThirtyOneToSixthDaysTest" time="0.063" classname="com.pld.Test.BenchTileExpansionTest"/>
  <testcase name="verifyTotalHCTest" time="0.078" classname="com.pld.Test.BenchTileExpansionTest"/>
  <testcase name="verifyViewTest" time="0.062" classname="com.pld.Test.BenchTileExpansionTest"/>
  <testcase name="verifyZeroToTenDaysTest" time="0.05" classname="com.pld.Test.BenchTileExpansionTest"/>
  <testcase name="verifylegendBenchTest" time="0.078" classname="com.pld.Test.BenchTileExpansionTest"/>
  <testcase name="verifylegend6WeekRollOffsTest" time="0.086" classname="com.pld.Test.BenchTileExpansionTest"/>
  <testcase name="verifyBenchRollOffChartTest" time="0.063" classname="com.pld.Test.BenchTileExpansionTest"/>
  <testcase name="verifyBenchByAgeDoughnutChartTest" time="0.047" classname="com.pld.Test.BenchTileExpansionTest"/>
  <testcase name="backtoDashBoard" time="0.652" classname="com.pld.Test.BenchTileExpansionTest"/>
  <testcase name="verifyAbove100Percent" time="0.796" classname="com.pld.Test.UtilizationLadderTest"/>
  <testcase name="verifyChargeableHCTest" time="0.096" classname="com.pld.Test.UtilizationLadderTest"/>
  <testcase name="verifyQTDAsOfTest" time="0.108" classname="com.pld.Test.UtilizationLadderTest"/>
  <testcase name="verifyUtilLadChartTest" time="0.158" classname="com.pld.Test.UtilizationLadderTest"/>
  <testcase name="verifyUtilLadTest" time="0.309" classname="com.pld.Test.UtilizationLadderTest"/>
  <testcase name="clickOnUtilLadderTiletest" time="0.962" classname="com.pld.Test.UtilLadExpansionTest"/>
  <testcase name="verifyUtilizationDistributionbyBandTest" time="0.092" classname="com.pld.Test.UtilLadExpansionTest"/>
  <testcase name="verifyQTDCUTest" time="8.929" classname="com.pld.Test.UtilLadExpansionTest"/>
  <testcase name="verifyQTDTest" time="0.094" classname="com.pld.Test.UtilLadExpansionTest"/>
  <testcase name="verifyProjectionOkTest" time="0.1" classname="com.pld.Test.UtilLadExpansionTest"/>
  <testcase name="verifyProductiveProjectTest" time="0.125" classname="com.pld.Test.UtilLadExpansionTest"/>
  <testcase name="verifyNameTest" time="0.094" classname="com.pld.Test.UtilLadExpansionTest"/>
  <testcase name="verifyMCTest" time="0.078" classname="com.pld.Test.UtilLadExpansionTest"/>
  <testcase name="verifyLocationTest" time="0.093" classname="com.pld.Test.UtilLadExpansionTest"/>
  <testcase name="verifyJRSSTest" time="0.078" classname="com.pld.Test.UtilLadExpansionTest"/>
  <testcase name="verifyInPlayTest" time="0.078" classname="com.pld.Test.UtilLadExpansionTest"/>
  <testcase name="verifyIndustryTest" time="0.078" classname="com.pld.Test.UtilLadExpansionTest"/>
  <testcase name="verifyHoursHCTest" time="0.078" classname="com.pld.Test.UtilLadExpansionTest"/>
  <testcase name="verifyHighBandTest" time="0.11" classname="com.pld.Test.UtilLadExpansionTest"/>
  <testcase name="verifyHeadCounterUnderTest" time="0.062" classname="com.pld.Test.UtilLadExpansionTest"/>
  <testcase name="verifyDeployedPartTimeTest" time="0.11" classname="com.pld.Test.UtilLadExpansionTest"/>
  <testcase name="verifyBenchAgeTest" time="0.078" classname="com.pld.Test.UtilLadExpansionTest"/>
  <testcase name="verifyBandTextTest" time="0.082" classname="com.pld.Test.UtilLadExpansionTest"/>
  <testcase name="verifyAwayTest" time="0.078" classname="com.pld.Test.UtilLadExpansionTest"/>
  <testcase name="verifyAwaitingAccountIDTest" time="0.113" classname="com.pld.Test.UtilLadExpansionTest"/>
  <testcase name="verifyAvailDateTest" time="0.078" classname="com.pld.Test.UtilLadExpansionTest"/>
  <testcase name="verifyAssignedAcctTest" time="0.078" classname="com.pld.Test.UtilLadExpansionTest"/>
  <testcase name="verifyAllDropDownTest" time="0.078" classname="com.pld.Test.UtilLadExpansionTest"/>
  <testcase name="verifyAAIDTest" time="0.094" classname="com.pld.Test.UtilLadExpansionTest"/>
  <testcase name="verifyQTDPUTest" time="0.078" classname="com.pld.Test.UtilLadExpansionTest"/>
  <testcase name="verifyTotalHeadCountTest" time="0.062" classname="com.pld.Test.UtilLadExpansionTest"/>
  <testcase name="verifyUtilizationByCategoryTest" time="0.11" classname="com.pld.Test.UtilLadExpansionTest"/>
  <testcase name="verifyUtilizationEmployeesTest" time="0.109" classname="com.pld.Test.UtilLadExpansionTest"/>
  <testcase name="verifyUtilizationDistributionByBandChartTest" time="0.084" classname="com.pld.Test.UtilLadExpansionTest"/>
  <testcase name="verifyUtilizationByCategoryDoughnutChartTest" time="0.064" classname="com.pld.Test.UtilLadExpansionTest"/>
  <testcase name="verifyMessageDisplayTest" time="0.109" classname="com.pld.Test.UtilLadExpansionTest"/>
  <testcase name="clickOnDashBoard" time="0.529" classname="com.pld.Test.UtilLadExpansionTest"/>
  <testcase name="verifyADMITest" time="2.409" classname="com.pld.Test.FTEbyContractCoadingTest"/>
  <testcase name="verifyCAITest" time="0.104" classname="com.pld.Test.FTEbyContractCoadingTest"/>
  <testcase name="verifyCAMSTest" time="0.135" classname="com.pld.Test.FTEbyContractCoadingTest"/>
  <testcase name="verifyCPTTest" time="0.13" classname="com.pld.Test.FTEbyContractCoadingTest"/>
  <testcase name="verifyDSandiXTest" time="0.105" classname="com.pld.Test.FTEbyContractCoadingTest"/>
  <testcase name="verifyFTEByContractCodingDoughnutChartTest" time="0.141" classname="com.pld.Test.FTEbyContractCoadingTest"/>
  <testcase name="verifyFTETileTest" time="0.073" classname="com.pld.Test.FTEbyContractCoadingTest"/>
  <testcase name="clickOnFTEContractCodingTileTest" time="0.496" classname="com.pld.Test.FTEByContractCodingExpTest"/>
  <testcase name="verifyProductiveTest" time="5.849" classname="com.pld.Test.FTEByContractCodingExpTest"/>
  <testcase name="verifyOtherLinkTest" time="0.078" classname="com.pld.Test.FTEByContractCodingExpTest"/>
  <testcase name="verifyOther2Test" time="0.125" classname="com.pld.Test.FTEByContractCodingExpTest"/>
  <testcase name="verifyOtherTest" time="0.093" classname="com.pld.Test.FTEByContractCodingExpTest"/>
  <testcase name="verifyOfferingCodeBreakdownTest" time="0.141" classname="com.pld.Test.FTEByContractCodingExpTest"/>
  <testcase name="verifyNGEATest" time="0.094" classname="com.pld.Test.FTEByContractCodingExpTest"/>
  <testcase name="verifyNameTest" time="0.078" classname="com.pld.Test.FTEByContractCodingExpTest"/>
  <testcase name="verifyLocationTest" time="0.109" classname="com.pld.Test.FTEByContractCodingExpTest"/>
  <testcase name="verifyLevel30CodeTest" time="0.11" classname="com.pld.Test.FTEByContractCodingExpTest"/>
  <testcase name="verifylastClaimDateTest" time="0.093" classname="com.pld.Test.FTEByContractCodingExpTest"/>
  <testcase name="verifyJRSSTest" time="0.11" classname="com.pld.Test.FTEByContractCodingExpTest"/>
  <testcase name="verifyIXTest" time="0.125" classname="com.pld.Test.FTEByContractCodingExpTest"/>
  <testcase name="verifyExcludeOthersTest" time="12.416" classname="com.pld.Test.FTEByContractCodingExpTest"/>
  <testcase name="verifyEAMSAPTest" time="0.156" classname="com.pld.Test.FTEByContractCodingExpTest"/>
  <testcase name="verifyDSandiXTest" time="0.156" classname="com.pld.Test.FTEByContractCodingExpTest"/>
  <testcase name="verifyDSTest" time="0.203" classname="com.pld.Test.FTEByContractCodingExpTest"/>
  <testcase name="verifyDigitalStratrgyandiXTest" time="0.203" classname="com.pld.Test.FTEByContractCodingExpTest"/>
  <testcase name="verifyCPTTest" time="0.172" classname="com.pld.Test.FTEByContractCodingExpTest"/>
  <testcase name="verifyCPSFinanceprocessTest" time="0.11" classname="com.pld.Test.FTEByContractCodingExpTest"/>
  <testcase name="verifyCPSTest" time="0.078" classname="com.pld.Test.FTEByContractCodingExpTest"/>
  <testcase name="verifyCPRTest" time="0.071" classname="com.pld.Test.FTEByContractCodingExpTest"/>
  <testcase name="verifyContributionEmployeesTest" time="0.078" classname="com.pld.Test.FTEByContractCodingExpTest"/>
  <testcase name="verifyContractOfferingTest" time="0.094" classname="com.pld.Test.FTEByContractCodingExpTest"/>
  <testcase name="verifyCognitiveProcessTransformationTest" time="0.078" classname="com.pld.Test.FTEByContractCodingExpTest"/>
  <testcase name="verifyCloudApplicationInnovationTest" time="0.079" classname="com.pld.Test.FTEByContractCodingExpTest"/>
  <testcase name="verifyClientnameTest" time="0.062" classname="com.pld.Test.FTEByContractCodingExpTest"/>
  <testcase name="verifyChargeableTest" time="0.079" classname="com.pld.Test.FTEByContractCodingExpTest"/>
  <testcase name="verifyCBDSTest" time="0.078" classname="com.pld.Test.FTEByContractCodingExpTest"/>
  <testcase name="verifyCAMSTest" time="0.062" classname="com.pld.Test.FTEByContractCodingExpTest"/>
  <testcase name="verifyCAMCloudApplicationTest" time="0.078" classname="com.pld.Test.FTEByContractCodingExpTest"/>
  <testcase name="verifyCAITest" time="0.078" classname="com.pld.Test.FTEByContractCodingExpTest"/>
  <testcase name="verifybillableTest" time="0.079" classname="com.pld.Test.FTEByContractCodingExpTest"/>
  <testcase name="verifyBandTest" time="0.078" classname="com.pld.Test.FTEByContractCodingExpTest"/>
  <testcase name="verifyAvailableDateTest" time="0.078" classname="com.pld.Test.FTEByContractCodingExpTest"/>
  <testcase name="verifyAMICustomeAdmTest" time="0.078" classname="com.pld.Test.FTEByContractCodingExpTest"/>
  <testcase name="verifyADMITest" time="0.078" classname="com.pld.Test.FTEByContractCodingExpTest"/>
  <testcase name="verifyActualHoursTest" time="0.078" classname="com.pld.Test.FTEByContractCodingExpTest"/>
  <testcase name="verifyViewByTest" time="0.078" classname="com.pld.Test.FTEByContractCodingExpTest"/>
  <testcase name="verifyviewTest" time="0.065" classname="com.pld.Test.FTEByContractCodingExpTest"/>
  <testcase name="verifyOfferingCodeBreakDownChartTest" time="0.063" classname="com.pld.Test.FTEByContractCodingExpTest"/>
  <testcase name="verifyFTEBYContractCodingDoughnutChartTest" time="0.062" classname="com.pld.Test.FTEByContractCodingExpTest"/>
  <testcase name="verifyMessageDisplayTest" time="0.099" classname="com.pld.Test.FTEByContractCodingExpTest"/>
  <testcase name="verifyAccountClassificationTest" time="0.125" classname="com.pld.Test.FTEByContractCodingExpTest"/>
  <testcase name="clickOnDashBoardTest" time="0.709" classname="com.pld.Test.FTEByContractCodingExpTest"/>
  <testcase name="verifyBacklogTest" time="1.658" classname="com.pld.Test.DemandTest"/>
  <testcase name="verifyCommitTest" time="0.327" classname="com.pld.Test.DemandTest"/>
  <testcase name="verifyDemandChartTest" time="0.269" classname="com.pld.Test.DemandTest"/>
  <testcase name="verifyDemandTileTest" time="0.106" classname="com.pld.Test.DemandTest"/>
  <testcase name="verifyDemandbarChartTest" time="0.096" classname="com.pld.Test.DemandTest"/>
  <testcase name="verifyOpenPositionsTest" time="0.11" classname="com.pld.Test.DemandTest"/>
  <testcase name="verifyOpptyTest" time="0.165" classname="com.pld.Test.DemandTest"/>
  <testcase name="verifyUnassignedTest" time="0.188" classname="com.pld.Test.DemandTest"/>
  <testcase name="clickOnDemandTileTest" time="0.6" classname="com.pld.Test.DemandTileExpTest"/>
  <testcase name="verifySkillTest" time="0.799" classname="com.pld.Test.DemandTileExpTest"/>
  <testcase name="verifySeatOwnerTest" time="7.424" classname="com.pld.Test.DemandTileExpTest"/>
  <testcase name="verifyOtherTest" time="0.074" classname="com.pld.Test.DemandTileExpTest"/>
  <testcase name="verifyOpportunityTest" time="0.094" classname="com.pld.Test.DemandTileExpTest"/>
  <testcase name="verifyOppIDTest" time="0.113" classname="com.pld.Test.DemandTileExpTest"/>
  <testcase name="verifyOpenPositionsTest" time="0.062" classname="com.pld.Test.DemandTileExpTest"/>
  <testcase name="verifyOpenPosiitonDetailTest" time="0.094" classname="com.pld.Test.DemandTileExpTest"/>
  <testcase name="verifyLocationTest" time="0.125" classname="com.pld.Test.DemandTileExpTest"/>
  <testcase name="verifyJobRoleOrSpecialityTest" time="0.078" classname="com.pld.Test.DemandTileExpTest"/>
  <testcase name="verifyHistoricalDemandTrendTest" time="0.062" classname="com.pld.Test.DemandTileExpTest"/>
  <testcase name="verifyFactoredOpenPositionTest" time="0.079" classname="com.pld.Test.DemandTileExpTest"/>
  <testcase name="verifyEndDateTest" time="0.062" classname="com.pld.Test.DemandTileExpTest"/>
  <testcase name="verifyDataAvailabilefromOnlyJuneTest" time="0.086" classname="com.pld.Test.DemandTileExpTest"/>
  <testcase name="verifyCommittedTest" time="0.109" classname="com.pld.Test.DemandTileExpTest"/>
  <testcase name="verifyClientNameTest" time="0.063" classname="com.pld.Test.DemandTileExpTest"/>
  <testcase name="verifyClientAndSkillbasedDemandTest" time="0.065" classname="com.pld.Test.DemandTileExpTest"/>
  <testcase name="verifyClientTest" time="0.078" classname="com.pld.Test.DemandTileExpTest"/>
  <testcase name="verifyBandTest" time="0.063" classname="com.pld.Test.DemandTileExpTest"/>
  <testcase name="verifyBacklogtTest" time="0.073" classname="com.pld.Test.DemandTileExpTest"/>
  <testcase name="verifyApplicationDeveloperjavaAndWebTechnologiesTest" time="0.062" classname="com.pld.Test.DemandTileExpTest"/>
  <testcase name="verifyStartDateTest" time="0.078" classname="com.pld.Test.DemandTileExpTest"/>
  <testcase name="verifyTimeFrameTest" time="0.066" classname="com.pld.Test.DemandTileExpTest"/>
  <testcase name="verifyTypeTest" time="0.062" classname="com.pld.Test.DemandTileExpTest"/>
  <testcase name="verifyViewtextTest" time="0.078" classname="com.pld.Test.DemandTileExpTest"/>
  <testcase name="verifyWinOddsTest" time="0.079" classname="com.pld.Test.DemandTileExpTest"/>
  <testcase name="verifyExpansionTitleTest" time="0.031" classname="com.pld.Test.DemandTileExpTest"/>
  <testcase name="verifySkillBasedDemandChartTest" time="0.065" classname="com.pld.Test.DemandTileExpTest"/>
  <testcase name="verifyOpenPositionChartTest" time="0.062" classname="com.pld.Test.DemandTileExpTest"/>
  <testcase name="verifyClientbasedDemandChartTest" time="0.078" classname="com.pld.Test.DemandTileExpTest"/>
  <testcase name="verifyAlltextTest" time="0.079" classname="com.pld.Test.DemandTileExpTest"/>
  <testcase name="clickOnDashBoardTest" time="0.504" classname="com.pld.Test.DemandTileExpTest"/>
  <testcase name="verifyActualHeadCountTest" time="3.58" classname="com.pld.Test.BandPyramidTest"/>
  <testcase name="verifyAvgbandTest" time="0.256" classname="com.pld.Test.BandPyramidTest"/>
  <testcase name="verifyBandPyramidChartTest" time="0.278" classname="com.pld.Test.BandPyramidTest"/>
  <testcase name="verifyBandPyramidTileTest" time="0.194" classname="com.pld.Test.BandPyramidTest"/>
  <testcase name="verifyBandTest" time="0.164" classname="com.pld.Test.BandPyramidTest"/>
  <testcase name="verifyDistribTest" time="0.129" classname="com.pld.Test.BandPyramidTest"/>
  <testcase name="verifyExcludeContractorsTest" time="0.097" classname="com.pld.Test.BandPyramidTest"/>
  <testcase name="verifyHCTest" time="0.168" classname="com.pld.Test.BandPyramidTest"/>
  <testcase name="verifyTotalHCTest" time="0.114" classname="com.pld.Test.BandPyramidTest"/>
  <testcase name="clickOnBandPyramidTileTest" time="0.644" classname="com.pld.Test.BandPyramidExpTest"/>
  <testcase name="verifyTAandEPSTest" time="1.506" classname="com.pld.Test.BandPyramidExpTest"/>
  <testcase name="verifySAPADMTest" time="0.25" classname="com.pld.Test.BandPyramidExpTest"/>
  <testcase name="verifyROWTOTTest" time="0.156" classname="com.pld.Test.BandPyramidExpTest"/>
  <testcase name="verifyRowByTest" time="0.11" classname="com.pld.Test.BandPyramidExpTest"/>
  <testcase name="verifyPractictionerTypeTest" time="0.109" classname="com.pld.Test.BandPyramidExpTest"/>
  <testcase name="verifyPracticeDropDownTest" time="0.078" classname="com.pld.Test.BandPyramidExpTest"/>
  <testcase name="verifyOtherTest" time="0.125" classname="com.pld.Test.BandPyramidExpTest"/>
  <testcase name="verifyNOrATest" time="0.078" classname="com.pld.Test.BandPyramidExpTest"/>
  <testcase name="verifyLATest" time="0.117" classname="com.pld.Test.BandPyramidExpTest"/>
  <testcase name="verifyJPTest" time="0.125" classname="com.pld.Test.BandPyramidExpTest"/>
  <testcase name="verifyHeadCountTest" time="0.113" classname="com.pld.Test.BandPyramidExpTest"/>
  <testcase name="verifyGeographyTest" time="0.094" classname="com.pld.Test.BandPyramidExpTest"/>
  <testcase name="verifyGCGTest" time="0.062" classname="com.pld.Test.BandPyramidExpTest"/>
  <testcase name="verifyFINPSTest" time="0.063" classname="com.pld.Test.BandPyramidExpTest"/>
  <testcase name="verifyExecTest" time="0.062" classname="com.pld.Test.BandPyramidExpTest"/>
  <testcase name="verifyEUTest" time="0.063" classname="com.pld.Test.BandPyramidExpTest"/>
  <testcase name="verifyEmployeesTest" time="0.062" classname="com.pld.Test.BandPyramidExpTest"/>
  <testcase name="verifyCUSTADMTest" time="0.078" classname="com.pld.Test.BandPyramidExpTest"/>
  <testcase name="verifyContractorTest" time="0.078" classname="com.pld.Test.BandPyramidExpTest"/>
  <testcase name="verifyCOLTOTTest" time="0.063" classname="com.pld.Test.BandPyramidExpTest"/>
  <testcase name="verifyClmByTest" time="0.062" classname="com.pld.Test.BandPyramidExpTest"/>
  <testcase name="verifyCEDTest" time="0.063" classname="com.pld.Test.BandPyramidExpTest"/>
  <testcase name="verifyBandPyramidTest" time="0.062" classname="com.pld.Test.BandPyramidExpTest"/>
  <testcase name="verifyBandTest" time="0.063" classname="com.pld.Test.BandPyramidExpTest"/>
  <testcase name="verifyAllDropDownTest" time="0.062" classname="com.pld.Test.BandPyramidExpTest"/>
  <testcase name="verifyActualHCTest" time="0.056" classname="com.pld.Test.BandPyramidExpTest"/>
  <testcase name="verifyBandPyramidChartTest" time="0.062" classname="com.pld.Test.BandPyramidExpTest"/>
  <testcase name="clickOnDashBoard" time="0.406" classname="com.pld.Test.BandPyramidExpTest"/>
  <testcase name="verifyDemandCoverageChartTest" time="2.073" classname="com.pld.Test.DemandCoverageTest"/>
  <testcase name="verifyDemandCoverageTileTest" time="0.652" classname="com.pld.Test.DemandCoverageTest"/>
  <testcase name="verifyNpPlansReqTest" time="0.084" classname="com.pld.Test.DemandCoverageTest"/>
  <testcase name="verifyTCVCoverageTest" time="0.079" classname="com.pld.Test.DemandCoverageTest"/>
  <testcase name="verifyTotalDealsTest" time="0.089" classname="com.pld.Test.DemandCoverageTest"/>
  <testcase name="verifyWithInThresholdTest" time="0.078" classname="com.pld.Test.DemandCoverageTest"/>
  <testcase name="verifyWithNpPlansTest" time="0.078" classname="com.pld.Test.DemandCoverageTest"/>
  <testcase name="verifyWithPlansTest" time="0.134" classname="com.pld.Test.DemandCoverageTest"/>
  <testcase name="clickOnDemandCoverageTileTest" time="0.597" classname="com.pld.Test.DemandCoverageExpTest"/>
  <testcase name="verifyDemandCoverageTest" time="0.061" classname="com.pld.Test.DemandCoverageExpTest"/>
  <testcase name="verifyWithInThresholdTest" time="0.073" classname="com.pld.Test.DemandCoverageExpTest"/>
  <testcase name="verifyWithPlansTest" time="1.101" classname="com.pld.Test.DemandCoverageExpTest"/>
  <testcase name="verifyWithNoPlansRequiredTest" time="0.062" classname="com.pld.Test.DemandCoverageExpTest"/>
  <testcase name="verifyWithNoPlansTest" time="0.096" classname="com.pld.Test.DemandCoverageExpTest"/>
  <testcase name="verifyViewTest" time="0.078" classname="com.pld.Test.DemandCoverageExpTest"/>
  <testcase name="verifyTCV_MTest" time="4.304" classname="com.pld.Test.DemandCoverageExpTest"/>
  <testcase name="verifyTCVTest" time="0.179" classname="com.pld.Test.DemandCoverageExpTest"/>
  <testcase name="verifyStartDateTest" time="0.094" classname="com.pld.Test.DemandCoverageExpTest"/>
  <testcase name="verifySalesStageTest" time="0.078" classname="com.pld.Test.DemandCoverageExpTest"/>
  <testcase name="verifyRoadmapStatusTest" time="0.065" classname="com.pld.Test.DemandCoverageExpTest"/>
  <testcase name="verifyOppOwnerNameTest" time="0.109" classname="com.pld.Test.DemandCoverageExpTest"/>
  <testcase name="verifyOpportunityNameTest" time="0.078" classname="com.pld.Test.DemandCoverageExpTest"/>
  <testcase name="verifyOpportunityDetailsTest" time="0.079" classname="com.pld.Test.DemandCoverageExpTest"/>
  <testcase name="verifyOppIDTest" time="0.062" classname="com.pld.Test.DemandCoverageExpTest"/>
  <testcase name="verifyOfferingTest" time="0.078" classname="com.pld.Test.DemandCoverageExpTest"/>
  <testcase name="verifyNoOfDealsTest" time="0.063" classname="com.pld.Test.DemandCoverageExpTest"/>
  <testcase name="verifyMonthsTest" time="0.211" classname="com.pld.Test.DemandCoverageExpTest"/>
  <testcase name="verifyDuration_MonthsTest" time="0.078" classname="com.pld.Test.DemandCoverageExpTest"/>
  <testcase name="verifyDecisionDateTest" time="0.078" classname="com.pld.Test.DemandCoverageExpTest"/>
  <testcase name="verifyDealsTest" time="0.078" classname="com.pld.Test.DemandCoverageExpTest"/>
  <testcase name="verifyCustNameTest" time="0.078" classname="com.pld.Test.DemandCoverageExpTest"/>
  <testcase name="verifyAsOfTest" time="0.078" classname="com.pld.Test.DemandCoverageExpTest"/>
  <testcase name="verifyFutureTrendDemandCoverageChartTest" time="0.065" classname="com.pld.Test.DemandCoverageExpTest"/>
  <testcase name="clickOnDashBoard" time="0.468" classname="com.pld.Test.DemandCoverageExpTest"/>
  <testcase name="verifyANOBsTest" time="3.219" classname="com.pld.Test.HiringTileTest"/>
  <testcase name="verifyActualTest" time="0.15" classname="com.pld.Test.HiringTileTest"/>
  <testcase name="verifyAvg_BandTest" time="0.069" classname="com.pld.Test.HiringTileTest"/>
  <testcase name="verifyEPHPercentTest" time="0.098" classname="com.pld.Test.HiringTileTest"/>
  <testcase name="verifyGoalTest" time="0.087" classname="com.pld.Test.HiringTileTest"/>
  <testcase name="verifyHiringTest" time="0.133" classname="com.pld.Test.HiringTileTest"/>
  <testcase name="verifyOpenRequistionsTest" time="0.095" classname="com.pld.Test.HiringTileTest"/>
  <testcase name="verifyYTDAsOfTest" time="0.099" classname="com.pld.Test.HiringTileTest"/>
  <testcase name="verifyYTDHiresTest" time="0.158" classname="com.pld.Test.HiringTileTest"/>
  <testcase name="clickOnHiringExp" time="0.564" classname="com.pld.Test.HiringExpTest"/>
  <testcase name="verifyKeyStatistics" time="0.074" classname="com.pld.Test.HiringExpTest"/>
  <testcase name="verifyTotalTest" time="1.029" classname="com.pld.Test.HiringExpTest"/>
  <testcase name="verifyMetricTest" time="0.097" classname="com.pld.Test.HiringExpTest"/>
  <testcase name="verifyAvgDayToOnBoardTest" time="0.078" classname="com.pld.Test.HiringExpTest"/>
  <testcase name="verifyAvgDaysToAcceptTest" time="0.094" classname="com.pld.Test.HiringExpTest"/>
  <testcase name="verifyAcceptperTest" time="0.094" classname="com.pld.Test.HiringExpTest"/>
  <testcase name="verifyAppliedTest" time="0.062" classname="com.pld.Test.HiringExpTest"/>
  <testcase name="verifyAsOFTest" time="0.372" classname="com.pld.Test.HiringExpTest"/>
  <testcase name="verifyBandTest" time="0.152" classname="com.pld.Test.HiringExpTest"/>
  <testcase name="verifyCandidateYieldTest" time="0.55" classname="com.pld.Test.HiringExpTest"/>
  <testcase name="verifyEmailTest" time="1.372" classname="com.pld.Test.HiringExpTest"/>
  <testcase name="verifyHiresYTD_BandOneToFiveTest" time="0.062" classname="com.pld.Test.HiringExpTest"/>
  <testcase name="verifybandSevenTest" time="0.078" classname="com.pld.Test.HiringExpTest"/>
  <testcase name="verifyBandEightTest" time="0.094" classname="com.pld.Test.HiringExpTest"/>
  <testcase name="verifyBandNineTest" time="0.062" classname="com.pld.Test.HiringExpTest"/>
  <testcase name="verifyHiringFunnelDateTest" time="0.056" classname="com.pld.Test.HiringExpTest"/>
  <testcase name="verifyInterviewedTest" time="0.078" classname="com.pld.Test.HiringExpTest"/>
  <testcase name="verifyLocationTest" time="0.062" classname="com.pld.Test.HiringExpTest"/>
  <testcase name="verifyNameTest" time="0.082" classname="com.pld.Test.HiringExpTest"/>
  <testcase name="verifyOffersentTest" time="0.078" classname="com.pld.Test.HiringExpTest"/>
  <testcase name="verifyOthersTest" time="0.078" classname="com.pld.Test.HiringExpTest"/>
  <testcase name="verifyRecentJoinersTest" time="0.063" classname="com.pld.Test.HiringExpTest"/>
  <testcase name="verifyStartDateTest" time="0.078" classname="com.pld.Test.HiringExpTest"/>
  <testcase name="verifyANOBTest" time="0.094" classname="com.pld.Test.HiringExpTest"/>
  <testcase name="verifyHiringFunnelChartTest" time="0.062" classname="com.pld.Test.HiringExpTest"/>
  <testcase name="clickOnDashBoardTest" time="0.451" classname="com.pld.Test.HiringExpTest"/>
  <testcase name="verifyActualTextTest" time="2.314" classname="com.pld.Test.CareerTileTest"/>
  <testcase name="verifyAverageTextTest" time="1.378" classname="com.pld.Test.CareerTileTest"/>
  <testcase name="verifyCareerTest" time="0.052" classname="com.pld.Test.CareerTileTest"/>
  <testcase name="verifyGoalTextTest" time="0.055" classname="com.pld.Test.CareerTileTest"/>
  <testcase name="verifyOrganicPlacementTest" time="0.063" classname="com.pld.Test.CareerTileTest"/>
  <testcase name="verifyOutliersTextTest" time="0.052" classname="com.pld.Test.CareerTileTest"/>
  <testcase name="verifyPromotionsTest" time="0.06" classname="com.pld.Test.CareerTileTest"/>
  <testcase name="verifyTimeInBandTest" time="0.055" classname="com.pld.Test.CareerTileTest"/>
  <testcase name="verifyYTDAsOfTextTest" time="0.058" classname="com.pld.Test.CareerTileTest"/>
  <testcase name="clickOnCareerExpTileTest" time="0.432" classname="com.pld.Test.CareerExpTest"/>
  <testcase name="verifyXfrsOutTextTest" time="1.09" classname="com.pld.Test.CareerExpTest"/>
  <testcase name="verifyXfrsOutTest" time="0.172" classname="com.pld.Test.CareerExpTest"/>
  <testcase name="verifyXfrsInTextTest" time="0.082" classname="com.pld.Test.CareerExpTest"/>
  <testcase name="verifyXfrsInTest" time="0.078" classname="com.pld.Test.CareerExpTest"/>
  <testcase name="verifyPromoOutTextTest" time="0.078" classname="com.pld.Test.CareerExpTest"/>
  <testcase name="verifyPromoOutTest" time="0.109" classname="com.pld.Test.CareerExpTest"/>
  <testcase name="verifyPromoInTextTest" time="0.094" classname="com.pld.Test.CareerExpTest"/>
  <testcase name="verifyPromoInTest" time="0.094" classname="com.pld.Test.CareerExpTest"/>
  <testcase name="verifyProfHiresTextTest" time="0.069" classname="com.pld.Test.CareerExpTest"/>
  <testcase name="verifyProfHiresTest" time="0.094" classname="com.pld.Test.CareerExpTest"/>
  <testcase name="verifyOtherTextTest" time="0.112" classname="com.pld.Test.CareerExpTest"/>
  <testcase name="verifyOtherAddsTextTest" time="0.094" classname="com.pld.Test.CareerExpTest"/>
  <testcase name="verifyOtherAddsTest" time="0.094" classname="com.pld.Test.CareerExpTest"/>
  <testcase name="verifyOtherTest" time="0.093" classname="com.pld.Test.CareerExpTest"/>
  <testcase name="verifyAverageTimeInBandTest" time="0.07" classname="com.pld.Test.CareerExpTest"/>
  <testcase name="verifyguideLineTest" time="0.14" classname="com.pld.Test.CareerExpTest"/>
  <testcase name="verifyEPHTextTest" time="0.097" classname="com.pld.Test.CareerExpTest"/>
  <testcase name="verifyEPHTest" time="0.078" classname="com.pld.Test.CareerExpTest"/>
  <testcase name="verifyEISTextTest" time="0.078" classname="com.pld.Test.CareerExpTest"/>
  <testcase name="verifyEISTest" time="0.079" classname="com.pld.Test.CareerExpTest"/>
  <testcase name="verifyBandTextTest" time="0.078" classname="com.pld.Test.CareerExpTest"/>
  <testcase name="verifyBandOutliersTest" time="0.094" classname="com.pld.Test.CareerExpTest"/>
  <testcase name="verifyBandTest" time="0.063" classname="com.pld.Test.CareerExpTest"/>
  <testcase name="verifyAvgTimeInbandTest" time="0.093" classname="com.pld.Test.CareerExpTest"/>
  <testcase name="verifyAverageBandTest" time="16.803" classname="com.pld.Test.CareerExpTest"/>
  <testcase name="verifyBandMixTrendChartTest" time="0.062" classname="com.pld.Test.CareerExpTest"/>
  <testcase name="verifyAddsAndLossesChartTest" time="0.063" classname="com.pld.Test.CareerExpTest"/>
  <testcase name="verifyBandMixTrendTest" time="0.062" classname="com.pld.Test.CareerExpTest"/>
  <testcase name="clickOnDashBoardTest" time="0.486" classname="com.pld.Test.CareerExpTest"/>
  <testcase name="verifyAnnualizedRateTest" time="7.448" classname="com.pld.Test.AttritionTileTest"/>
  <testcase name="verifyAttr_ByBandChartTest" time="0.11" classname="com.pld.Test.AttritionTileTest"/>
  <testcase name="verifyAttritbyBandTest" time="0.078" classname="com.pld.Test.AttritionTileTest"/>
  <testcase name="verifyAttritionBarGrapghTest" time="0.078" classname="com.pld.Test.AttritionTileTest"/>
  <testcase name="verifyAttritionTest" time="0.094" classname="com.pld.Test.AttritionTileTest"/>
  <testcase name="verifyCompTest" time="0.097" classname="com.pld.Test.AttritionTileTest"/>
  <testcase name="verifyLossReasonTest" time="0.078" classname="com.pld.Test.AttritionTileTest"/>
  <testcase name="verifyOpptyTest" time="0.094" classname="com.pld.Test.AttritionTileTest"/>
  <testcase name="verifyOtherTest" time="0.094" classname="com.pld.Test.AttritionTileTest"/>
  <testcase name="verifyVoluntaryLossesTest" time="0.121" classname="com.pld.Test.AttritionTileTest"/>
  <testcase name="verifyWorkOrLifeTest" time="0.078" classname="com.pld.Test.AttritionTileTest"/>
  <testcase name="verifyCurrentTest" time="0.063" classname="com.pld.Test.GapTileTest"/>
  <testcase name="verifyExcessTest" time="0.062" classname="com.pld.Test.GapTileTest"/>
  <testcase name="verifyGapChartTest" time="0.063" classname="com.pld.Test.GapTileTest"/>
  <testcase name="verifyGapTest" time="0.065" classname="com.pld.Test.GapTileTest"/>
  <testcase name="verifyNetgapTest" time="0.11" classname="com.pld.Test.GapTileTest"/>
  <testcase name="verifyShortagesTest" time="0.062" classname="com.pld.Test.GapTileTest"/>
  <testcase name="verifyTextAsOfTest" time="0.063" classname="com.pld.Test.GapTileTest"/>
  <testcase name="clickOnGapTileTest" time="0.477" classname="com.pld.Test.GapTileExpTest"/>
  <testcase name="verifyGapTrendTest" time="0.062" classname="com.pld.Test.GapTileExpTest"/>
  <testcase name="verifyTopShortages_TOTHCTest" time="1.529" classname="com.pld.Test.GapTileExpTest"/>
  <testcase name="verifyTopShortages_ViewTest" time="0.078" classname="com.pld.Test.GapTileExpTest"/>
  <testcase name="verifyTopShortages_SubkHCTest" time="0.078" classname="com.pld.Test.GapTileExpTest"/>
  <testcase name="verifyTopShortages_CurrentGapTest" time="0.086" classname="com.pld.Test.GapTileExpTest"/>
  <testcase name="verifyTopShortagesTest" time="0.093" classname="com.pld.Test.GapTileExpTest"/>
  <testcase name="verifyTopExcesses_TOTHCTest" time="0.481" classname="com.pld.Test.GapTileExpTest"/>
  <testcase name="verifyTopExcesses_SubkHCTest" time="0.063" classname="com.pld.Test.GapTileExpTest"/>
  <testcase name="verifyTopExcesses_CurrentGApTest" time="0.066" classname="com.pld.Test.GapTileExpTest"/>
  <testcase name="verifyTopExcess_viewTest" time="0.062" classname="com.pld.Test.GapTileExpTest"/>
  <testcase name="verifyTopExcessTest" time="0.063" classname="com.pld.Test.GapTileExpTest"/>
  <testcase name="verifySupplyAndDemandTest" time="0.062" classname="com.pld.Test.GapTileExpTest"/>
  <testcase name="verifySupply_TotalTest" time="0.063" classname="com.pld.Test.GapTileExpTest"/>
  <testcase name="verifyRollOffsAndbenchTest" time="0.062" classname="com.pld.Test.GapTileExpTest"/>
  <testcase name="verifyOtherTest" time="0.063" classname="com.pld.Test.GapTileExpTest"/>
  <testcase name="verifyOppyTest" time="0.062" classname="com.pld.Test.GapTileExpTest"/>
  <testcase name="verifyMonthTest" time="0.063" classname="com.pld.Test.GapTileExpTest"/>
  <testcase name="verifyDepartTest" time="0.062" classname="com.pld.Test.GapTileExpTest"/>
  <testcase name="verifyDemandOpenPositionsTest" time="0.063" classname="com.pld.Test.GapTileExpTest"/>
  <testcase name="verifyDemand_TotalTest" time="0.062" classname="com.pld.Test.GapTileExpTest"/>
  <testcase name="verifyComtdTest" time="0.063" classname="com.pld.Test.GapTileExpTest"/>
  <testcase name="verifyAvailableSupplyTest" time="0.062" classname="com.pld.Test.GapTileExpTest"/>
  <testcase name="verifyANOBsTest" time="0.063" classname="com.pld.Test.GapTileExpTest"/>
  <testcase name="clickondashboard" time="0.372" classname="com.pld.Test.GapTileExpTest"/>
  <testcase name="verifyBelowTrackTest" time="4.349" classname="com.pld.Test.LearningTileTest"/>
  <testcase name="verifyCrossPlatformTest" time="0.063" classname="com.pld.Test.LearningTileTest"/>
  <testcase name="verifyDaysOrPersonbyDeliveryTypeTest" time="0.061" classname="com.pld.Test.LearningTileTest"/>
  <testcase name="verifyF2FTest" time="0.062" classname="com.pld.Test.LearningTileTest"/>
  <testcase name="verifyIndustrySkillsTest" time="0.07" classname="com.pld.Test.LearningTileTest"/>
  <testcase name="verifyLearningBarGraph1Test" time="0.07" classname="com.pld.Test.LearningTileTest"/>
  <testcase name="verifyLearningTest" time="0.058" classname="com.pld.Test.LearningTileTest"/>
  <testcase name="verifyLearning_DayPerPersonChartTest" time="0.058" classname="com.pld.Test.LearningTileTest"/>
  <testcase name="verifyLearning_Think40GraphTest" time="0.059" classname="com.pld.Test.LearningTileTest"/>
  <testcase name="verifyOnTrackTest" time="0.055" classname="com.pld.Test.LearningTileTest"/>
  <testcase name="verifyPracticeSkillsTest" time="0.051" classname="com.pld.Test.LearningTileTest"/>
  <testcase name="verifyProRatedYTDTGTTTest" time="0.058" classname="com.pld.Test.LearningTileTest"/>
  <testcase name="verifyProfessionalDevTest" time="0.055" classname="com.pld.Test.LearningTileTest"/>
  <testcase name="verifySelfRptTest" time="0.05" classname="com.pld.Test.LearningTileTest"/>
  <testcase name="verifyThinkFourtyTest" time="0.049" classname="com.pld.Test.LearningTileTest"/>
  <testcase name="verifyTotalTest" time="0.063" classname="com.pld.Test.LearningTileTest"/>
  <testcase name="verifyTrainingDaysTest" time="0.062" classname="com.pld.Test.LearningTileTest"/>
  <testcase name="verifyVirtualTest" time="0.071" classname="com.pld.Test.LearningTileTest"/>
  <testcase name="verifyYTDAsOfTest" time="0.094" classname="com.pld.Test.LearningTileTest"/>
  <testcase name="verifyeLearnTest" time="0.144" classname="com.pld.Test.LearningTileTest"/>
  <testcase name="clickOnLearningTileTest" time="0.457" classname="com.pld.Test.LearningExpTest"/>
  <testcase name="verifyAvgDaysperPartTest" time="5.976" classname="com.pld.Test.LearningExpTest"/>
  <testcase name="verifyFivePlusOnePlusOneThemesTest" time="0.071" classname="com.pld.Test.LearningExpTest"/>
  <testcase name="verifyGrowthThemesAndOfferingsTest" time="0.063" classname="com.pld.Test.LearningExpTest"/>
  <testcase name="verifyIndustryTest" time="0.062" classname="com.pld.Test.LearningExpTest"/>
  <testcase name="verifyIndustry_AvgDaysPerPartTest" time="0.063" classname="com.pld.Test.LearningExpTest"/>
  <testcase name="verifyIndustry_PentPercTest" time="0.065" classname="com.pld.Test.LearningExpTest"/>
  <testcase name="verifyIndustry_StudentDaysTest" time="0.063" classname="com.pld.Test.LearningExpTest"/>
  <testcase name="verifyIndustry_UniqueParticipantsTest" time="0.062" classname="com.pld.Test.LearningExpTest"/>
  <testcase name="verifyMetricTest" time="0.063" classname="com.pld.Test.LearningExpTest"/>
  <testcase name="verifyPentPercTest" time="0.062" classname="com.pld.Test.LearningExpTest"/>
  <testcase name="verifyServiceLine_AvgDaysPerpartTest" time="0.063" classname="com.pld.Test.LearningExpTest"/>
  <testcase name="verifyServiceLine_pentpercTest" time="0.062" classname="com.pld.Test.LearningExpTest"/>
  <testcase name="verifyServiceLine_StudentDaysTest" time="0.063" classname="com.pld.Test.LearningExpTest"/>
  <testcase name="verifyServiceline_uniqueParticipantsTest" time="0.078" classname="com.pld.Test.LearningExpTest"/>
  <testcase name="verifyServiceLineSubAreasTest" time="0.062" classname="com.pld.Test.LearningExpTest"/>
  <testcase name="verifyStudentDaysTest" time="0.086" classname="com.pld.Test.LearningExpTest"/>
  <testcase name="verifyTotalTest" time="0.062" classname="com.pld.Test.LearningExpTest"/>
  <testcase name="verifyTrainingDetailsTest" time="0.063" classname="com.pld.Test.LearningExpTest"/>
  <testcase name="verifyUniqueParticipantsTest" time="0.066" classname="com.pld.Test.LearningExpTest"/>
  <testcase name="verifyStudentDayDistributionChartTest" time="0.062" classname="com.pld.Test.LearningExpTest"/>
  <testcase name="verifyStudentDayDistributionTest" time="0.063" classname="com.pld.Test.LearningExpTest"/>
  <testcase name="clickonDashBoard" time="0.414" classname="com.pld.Test.LearningExpTest"/>
  <testcase name="verifyUtilizationQTDGraphTest" time="378.024" classname="com.pld.restassured.dashboard.UtilisationAPIOneTest"/>
  <testcase name="verifyUtilizationAsOfTest" time="55.016" classname="com.pld.restassured.dashboard.UtilisationAPIOneTest"/>
  <testcase name="getQtrEndProjValue" time="93.214" classname="com.pld.restassured.QtrEndProjValuesTest"/>
  <testcase name="verifyWeeklyUtilizationbarChart" time="45.388" classname="com.pld.restassured.QtrEndProjValuesTest"/>
  <testcase name="verifyBenchAsOFTest" time="38.497" classname="com.pld.restassured.dashboard.BenchAsOfAPITest"/>
  <testcase name="verifyBenchMixChartTest" time="41.536" classname="com.pld.restassured.dashboard.BenchAsOfAPITest"/>
  <testcase name="verifyBenchTableTest" time="50.631" classname="com.pld.restassured.dashboard.BenchAsOfAPITest"/>
  <testcase name="verifyBenchAgeByCategoryTest" time="43.284" classname="com.pld.restassured.BenchAgeByCatrgoryTest"/>
  <testcase name="verifyBenchByAgedataTest" time="43.145" classname="com.pld.restassured.BenchAgeByCatrgoryTest"/>
  <testcase name="verifyBenchEmployeeRollOff" time="0.511" classname="com.pld.restassured.BenchAgeByCatrgoryTest">
    <failure type="org.json.JSONException" message="A JSONObject text must begin with &amp;apos;{&amp;apos; at 1 [character 2 line 1]">
      <![CDATA[org.json.JSONException: A JSONObject text must begin with '{' at 1 [character 2 line 1]
	at org.json.JSONTokener.syntaxError(JSONTokener.java:433)
	at org.json.JSONObject.<init>(JSONObject.java:195)
	at org.json.JSONObject.<init>(JSONObject.java:319)
	at com.pld.restassured.BenchAgeByCatrgoryTest.verifyBenchEmployeeRollOff(BenchAgeByCatrgoryTest.java:131)
... Removed 24 stack frames]]>
    </failure>
  </testcase> <!-- verifyBenchEmployeeRollOff -->
  <testcase name="verifyBenchHCbyWeekdataTest" time="35.907" classname="com.pld.restassured.BenchAgeByCatrgoryTest"/>
  <testcase name="verifyBenchTableFiltersTest" time="31.209" classname="com.pld.restassured.BenchAgeByCatrgoryTest"/>
  <testcase name="verifyTotalHC" time="33.539" classname="com.pld.restassured.dashboard.UtilizationladderAPITest"/>
  <testcase name="verifyUtilizationLadder" time="30.613" classname="com.pld.restassured.dashboard.UtilizationladderAPITest"/>
  <testcase name="verifyUtilladAsOF" time="53.127" classname="com.pld.restassured.dashboard.UtilizationladderAPITest"/>
  <testcase name="verifyTotalheadCountTest" time="34.585" classname="com.pld.restassured.UtilLadDistByBandTest"/>
  <testcase name="verifyTotalheadcountTest" time="40.945" classname="com.pld.restassured.UtilLadDistByBandTest"/>
  <testcase name="verifyUtilizationEmployeesTest" time="0.537" classname="com.pld.restassured.UtilLadDistByBandTest">
    <failure type="org.json.JSONException" message="A JSONObject text must begin with &amp;apos;{&amp;apos; at 1 [character 2 line 1]">
      <![CDATA[org.json.JSONException: A JSONObject text must begin with '{' at 1 [character 2 line 1]
	at org.json.JSONTokener.syntaxError(JSONTokener.java:433)
	at org.json.JSONObject.<init>(JSONObject.java:195)
	at org.json.JSONObject.<init>(JSONObject.java:319)
	at com.pld.restassured.UtilLadDistByBandTest.verifyUtilizationEmployeesTest(UtilLadDistByBandTest.java:197)
... Removed 24 stack frames]]>
    </failure>
  </testcase> <!-- verifyUtilizationEmployeesTest -->
  <testcase name="verifyUtilladDistByBandTest" time="67.568" classname="com.pld.restassured.UtilLadDistByBandTest"/>
  <testcase name="verifyUtiltableFiltersTest" time="32.235" classname="com.pld.restassured.UtilLadDistByBandTest"/>
  <testcase name="verifyDistributionChartTest" time="54.82" classname="com.pld.restassured.dashboard.FTEByContractAPITest"/>
  <testcase name="verifyLabourAsOfTest" time="62.592" classname="com.pld.restassured.dashboard.FTEByContractAPITest"/>
  <testcase name="verifyLabourDistFTE" time="42.442" classname="com.pld.restassured.FTEByContractCoadingAPITest"/>
  <testcase name="verifyOfferingCodeBreakdownChartNoGrowthPlatform" time="392.587" classname="com.pld.restassured.FTEByContractCoadingAPITest"/>
  <testcase name="verifyCoverageDelasTest" time="32.246" classname="com.pld.restassured.dashboard.DemandAPITest"/>
  <testcase name="verifyDemandAsOfTest" time="32.218" classname="com.pld.restassured.dashboard.DemandAPITest"/>
  <testcase name="verifyDemandByCapapcityGroupGraphTest" time="42.936" classname="com.pld.restassured.dashboard.DemandAPITest"/>
  <testcase name="verifyOpenPositionChartTest" time="42.746" classname="com.pld.restassured.dashboard.DemandAPITest"/>
  <testcase name="verifyTotalTest" time="40.384" classname="com.pld.restassured.dashboard.DemandAPITest"/>
  <testcase name="verifyDemandClientAndSkill" time="43.429" classname="com.pld.restassured.DemandClientAndSkillTest"/>
  <testcase name="verifyDemandClientAndSkillColor" time="43.931" classname="com.pld.restassured.DemandClientAndSkillTest"/>
  <testcase name="verifyDemandOpenPositiondata" time="43.237" classname="com.pld.restassured.DemandClientAndSkillTest"/>
  <testcase name="verifyOpenPositionChartdata" time="53.405" classname="com.pld.restassured.DemandClientAndSkillTest">
    <failure type="org.json.JSONException" message="A JSONObject text must begin with &amp;apos;{&amp;apos; at 1 [character 2 line 1]">
      <![CDATA[org.json.JSONException: A JSONObject text must begin with '{' at 1 [character 2 line 1]
	at org.json.JSONTokener.syntaxError(JSONTokener.java:433)
	at org.json.JSONObject.<init>(JSONObject.java:195)
	at org.json.JSONObject.<init>(JSONObject.java:319)
	at com.pld.restassured.DemandClientAndSkillTest.verifyOpenPositionChartdata(DemandClientAndSkillTest.java:246)
... Removed 24 stack frames]]>
    </failure>
  </testcase> <!-- verifyOpenPositionChartdata -->
  <testcase name="verifyOpenPositiontable" time="221.749" classname="com.pld.restassured.DemandClientAndSkillTest"/>
  <testcase name="verifyBandPyramidAsOfTest" time="32.827" classname="com.pld.restassured.dashboard.BandPyramidAPITest"/>
  <testcase name="verifyBandPyramidChartTest" time="50.774" classname="com.pld.restassured.dashboard.BandPyramidAPITest"/>
  <testcase name="verifyBandPyramidTotalinit" time="38.01" classname="com.pld.restassured.BandPyramidAPITest"/>
  <testcase name="verifyEmployeeTable2" time="0.438" classname="com.pld.restassured.BandPyramidAPITest">
    <failure type="org.json.JSONException" message="A JSONObject text must begin with &amp;apos;{&amp;apos; at 1 [character 2 line 1]">
      <![CDATA[org.json.JSONException: A JSONObject text must begin with '{' at 1 [character 2 line 1]
	at org.json.JSONTokener.syntaxError(JSONTokener.java:433)
	at org.json.JSONObject.<init>(JSONObject.java:195)
	at org.json.JSONObject.<init>(JSONObject.java:319)
	at com.pld.restassured.BandPyramidAPITest.verifyEmployeeTable2(BandPyramidAPITest.java:251)
... Removed 24 stack frames]]>
    </failure>
  </testcase> <!-- verifyEmployeeTable2 -->
  <testcase name="verifyHeadCountTable" time="69.397" classname="com.pld.restassured.BandPyramidAPITest"/>
  <testcase name="verifyDemandCoverageAsOfTest" time="59.961" classname="com.pld.restassured.dashboard.DemandCoverageAsOfTest"/>
  <testcase name="verifyDemandCoverageChartTest" time="63.683" classname="com.pld.restassured.dashboard.DemandCoverageAsOfTest"/>
  <testcase name="verifyDemandCoverageExpAsOf" time="49.082" classname="com.pld.restassured.DemandCoverageAPITest"/>
  <testcase name="verifyOpportunityDetailsASOfAPI" time="40.97" classname="com.pld.restassured.DemandCoverageAPITest"/>
  <testcase name="verifyOpportunityDetailsViewdropdown" time="41.682" classname="com.pld.restassured.DemandCoverageAPITest"/>
  <testcase name="verifyOpportunityDetailstableAPI" time="171.953" classname="com.pld.restassured.DemandCoverageAPITest"/>
  <testcase name="verifyHiringAsOfTest" time="59.41" classname="com.pld.restassured.dashboard.HiringAPITest"/>
  <testcase name="verifyHiringTableTest" time="31.895" classname="com.pld.restassured.dashboard.HiringAPITest"/>
  <testcase name="verifyHiringFunnel" time="40.547" classname="com.pld.restassured.HiringAPITest"/>
  <testcase name="verifyHiringFunnelAsOF" time="46.497" classname="com.pld.restassured.HiringAPITest"/>
  <testcase name="verifyKeyStaticsTable" time="45.587" classname="com.pld.restassured.HiringAPITest"/>
  <testcase name="verifyRecentJoiners" time="0.532" classname="com.pld.restassured.HiringAPITest">
    <failure type="org.json.JSONException" message="A JSONObject text must begin with &amp;apos;{&amp;apos; at 1 [character 2 line 1]">
      <![CDATA[org.json.JSONException: A JSONObject text must begin with '{' at 1 [character 2 line 1]
	at org.json.JSONTokener.syntaxError(JSONTokener.java:433)
	at org.json.JSONObject.<init>(JSONObject.java:195)
	at org.json.JSONObject.<init>(JSONObject.java:319)
	at com.pld.restassured.HiringAPITest.verifyRecentJoiners(HiringAPITest.java:99)
... Removed 24 stack frames]]>
    </failure>
  </testcase> <!-- verifyRecentJoiners -->
  <testcase name="verifyCareerAsOf" time="29.937" classname="com.pld.restassured.dashboard.CareerAPITest"/>
  <testcase name="verifyCareerTable" time="51.469" classname="com.pld.restassured.dashboard.CareerAPITest"/>
  <testcase name="verifyAddsAndLossesChart" time="51.047" classname="com.pld.restassured.CareerAPITest"/>
  <testcase name="verifyAverageTimeinBand" time="43.705" classname="com.pld.restassured.CareerAPITest"/>
  <testcase name="verifyMonthlyTrendChartTest" time="230.924" classname="com.pld.restassured.CareerAPITest"/>
  <testcase name="verifyAnnualizedRatesAndVoluntaryLosses" time="65.384" classname="com.pld.restassured.dashboard.AttritionAPITest"/>
  <testcase name="verifyAttritionAsOFTest" time="54.65" classname="com.pld.restassured.dashboard.AttritionAPITest"/>
  <testcase name="verifyAttritionBybandTest" time="52.654" classname="com.pld.restassured.dashboard.AttritionAPITest"/>
  <testcase name="verifyAttritionLossReason" time="40.393" classname="com.pld.restassured.dashboard.AttritionAPITest"/>
  <testcase name="verifyGapAsOfTest" time="36.369" classname="com.pld.restassured.dashboard.GapAPITest"/>
  <testcase name="verifyGapChartTest" time="40.039" classname="com.pld.restassured.dashboard.GapAPITest"/>
  <testcase name="verifyMonthsColumnheader" time="89.274" classname="com.pld.restassured.GapSupplyAndDemandAPITest"/>
  <testcase name="verifyMonthsColumnheader2" time="29.652" classname="com.pld.restassured.GapSupplyAndDemandAPITest"/>
  <testcase name="verifySupplyAndDemand" time="51.005" classname="com.pld.restassured.GapSupplyAndDemandAPITest"/>
  <testcase name="verifyTopExcesses" time="64.074" classname="com.pld.restassured.GapSupplyAndDemandAPITest"/>
  <testcase name="verifyTopShortageTable" time="40.579" classname="com.pld.restassured.GapSupplyAndDemandAPITest"/>
  <testcase name="verifyDaysOrpersonByDeliveryTypeTest" time="97.591" classname="com.pld.restassured.dashboard.LearningAPITest"/>
  <testcase name="verifyLearningAsOf" time="26.361" classname="com.pld.restassured.dashboard.LearningAPITest"/>
  <testcase name="verifyThinkFourtyTest" time="32.955" classname="com.pld.restassured.dashboard.LearningAPITest"/>
  <testcase name="verifyTrainingDaysTest" time="80.641" classname="com.pld.restassured.dashboard.LearningAPITest"/>
  <testcase name="verifyPrescribedCoreCapabilitylearning" time="311.293" classname="com.pld.restassured.LearningTrainingDetailsYTDTableAPITest"/>
  <testcase name="verifyStudentYTD" time="96.666" classname="com.pld.restassured.LearningTrainingDetailsYTDTableAPITest"/>
  <testcase name="verifyTrainingDetailsYTDTable" time="265.647" classname="com.pld.restassured.LearningTrainingDetailsYTDTableAPITest"/>
</testsuite> <!-- Practice Leader DashBoard -->
